<?xml version="1.0" encoding="UTF-8"?>
<!-- Generated by org.testng.reporters.JUnitXMLReporter -->
<testsuite hostname="DESKTOP-361V7H7" ignored="4" name="Test" tests="2" failures="2" timestamp="06 Feb 2021 06:46:19 GMT" time="0.089" errors="0">
  <testcase name="scrolldownTest" time="0.022" classname="com.asynctric.qa.Testcase.HomePageTest">
    <failure type="java.lang.NullPointerException">
      <![CDATA[java.lang.NullPointerException
	at com.asynctric.qa.Testcase.HomePageTest.scrolldownTest(HomePageTest.java:51)
... Removed 25 stack frames]]>
    </failure>
  </testcase> <!-- scrolldownTest -->
  <testcase name="LoginTest" time="0.0" classname="com.asynctric.qa.Testcase.LoginPageTest">
    <failure type="java.lang.NullPointerException">
      <![CDATA[java.lang.NullPointerException
	at com.asynctric.qa.Testcase.LoginPageTest.LoginTest(LoginPageTest.java:49)
... Removed 25 stack frames]]>
    </failure>
  </testcase> <!-- LoginTest -->
  <testcase name="LoginPageTitleTest" time="0.0" classname="com.asynctric.qa.Testcase.LoginPageTest">
    <ignored/>
  </testcase> <!-- LoginPageTitleTest -->
  <testcase name="MoveToAddressPageTest" time="0.0" classname="com.asynctric.qa.Testcase.HomePageTest">
    <ignored/>
  </testcase> <!-- MoveToAddressPageTest -->
  <testcase name="VlidateImageTest" time="0.0" classname="com.asynctric.qa.Testcase.LoginPageTest">
    <ignored/>
  </testcase> <!-- VlidateImageTest -->
  <testcase name="ValidatehomepageimageTest" time="0.0" classname="com.asynctric.qa.Testcase.HomePageTest">
    <ignored/>
  </testcase> <!-- ValidatehomepageimageTest -->
</testsuite> <!-- Test -->
