<?xml version="1.0" encoding="UTF-8"?>
<!-- Generated by org.testng.reporters.JUnitXMLReporter -->
<testsuite hostname="DESKTOP-361V7H7" ignored="0" name="registration" tests="5" failures="0" timestamp="06 Feb 2021 07:11:50 GMT" time="100.136" errors="0">
  <testcase name="AddProductFirstTest" time="12.975" classname="com.asynctric.qa.Testcase.CategoriesMenTest"/>
  <testcase name="ValidateRegPageURLTest" time="0.23" classname="com.asynctric.qa.Testcase.RegistrationPageTest"/>
  <testcase name="AddProductSecondTest" time="14.698" classname="com.asynctric.qa.Testcase.CategoriesMenTest"/>
  <testcase name="ValidateRegPageTextTest" time="0.329" classname="com.asynctric.qa.Testcase.RegistrationPageTest"/>
  <testcase name="RegFormExcelTest" time="32.624" classname="com.asynctric.qa.Testcase.RegistrationPageTest"/>
</testsuite> <!-- registration -->
