<?xml version="1.0" encoding="UTF-8"?>
<!-- Generated by org.testng.reporters.JUnitXMLReporter -->
<testsuite hostname="DESKTOP-361V7H7" ignored="0" name="registration" tests="5" failures="0" timestamp="11 Feb 2021 13:03:05 GMT" time="99.011" errors="0">
  <testcase name="AddProductFirstTest" time="12.423" classname="com.asynctric.qa.Testcase.CategoriesMenTest"/>
  <testcase name="ValidateRegPageURLTest" time="0.254" classname="com.asynctric.qa.Testcase.RegistrationPageTest"/>
  <testcase name="AddProductSecondTest" time="14.522" classname="com.asynctric.qa.Testcase.CategoriesMenTest"/>
  <testcase name="ValidateRegPageTextTest" time="0.291" classname="com.asynctric.qa.Testcase.RegistrationPageTest"/>
  <testcase name="RegFormExcelTest" time="39.597" classname="com.asynctric.qa.Testcase.RegistrationPageTest"/>
</testsuite> <!-- registration -->
