<?xml version="1.0" encoding="UTF-8"?>
<!-- Generated by org.testng.reporters.JUnitXMLReporter -->
<testsuite hostname="DESKTOP-361V7H7" ignored="9" name="Regration" tests="3" failures="3" timestamp="08 Feb 2021 10:32:35 GMT" time="0.153" errors="0">
  <testcase name="scrolldownTest" time="0.031" classname="com.asynctric.qa.Testcase.HomePageTest">
    <failure type="java.lang.NullPointerException">
      <![CDATA[java.lang.NullPointerException
	at com.asynctric.qa.Testcase.HomePageTest.scrolldownTest(HomePageTest.java:53)
... Removed 25 stack frames]]>
    </failure>
  </testcase> <!-- scrolldownTest -->
  <testcase name="AddProductFirstTest" time="0.019" classname="com.asynctric.qa.Testcase.CategoriesMenTest">
    <failure type="java.lang.NullPointerException">
      <![CDATA[java.lang.NullPointerException
	at com.asynctric.qa.Testcase.CategoriesMenTest.AddProductFirstTest(CategoriesMenTest.java:38)
... Removed 25 stack frames]]>
    </failure>
  </testcase> <!-- AddProductFirstTest -->
  <testcase name="LoginTest" time="0.016" classname="com.asynctric.qa.Testcase.LoginPageTest">
    <failure type="java.lang.NullPointerException">
      <![CDATA[java.lang.NullPointerException
	at com.asynctric.qa.Testcase.LoginPageTest.LoginTest(LoginPageTest.java:51)
... Removed 25 stack frames]]>
    </failure>
  </testcase> <!-- LoginTest -->
  <testcase name="LoginPageTitleTest" time="0.0" classname="com.asynctric.qa.Testcase.LoginPageTest">
    <ignored/>
  </testcase> <!-- LoginPageTitleTest -->
  <testcase name="MoveToAddressPageTest" time="0.0" classname="com.asynctric.qa.Testcase.HomePageTest">
    <ignored/>
  </testcase> <!-- MoveToAddressPageTest -->
  <testcase name="ValidateRegPageTextTest" time="0.0" classname="com.asynctric.qa.Testcase.RegistrationPageTest">
    <ignored/>
  </testcase> <!-- ValidateRegPageTextTest -->
  <testcase name="AddProductSecondTest" time="0.0" classname="com.asynctric.qa.Testcase.CategoriesMenTest">
    <ignored/>
  </testcase> <!-- AddProductSecondTest -->
  <testcase name="NewAddressFormTest" time="0.0" classname="com.asynctric.qa.Testcase.AddressPageTest">
    <ignored/>
  </testcase> <!-- NewAddressFormTest -->
  <testcase name="RegFormExcelTest" time="0.0" classname="com.asynctric.qa.Testcase.RegistrationPageTest">
    <ignored/>
  </testcase> <!-- RegFormExcelTest -->
  <testcase name="VlidateImageTest" time="0.0" classname="com.asynctric.qa.Testcase.LoginPageTest">
    <ignored/>
  </testcase> <!-- VlidateImageTest -->
  <testcase name="ValidatehomepageimageTest" time="0.0" classname="com.asynctric.qa.Testcase.HomePageTest">
    <ignored/>
  </testcase> <!-- ValidatehomepageimageTest -->
  <testcase name="ValidateRegPageURLTest" time="0.0" classname="com.asynctric.qa.Testcase.RegistrationPageTest">
    <ignored/>
  </testcase> <!-- ValidateRegPageURLTest -->
</testsuite> <!-- Regration -->
