<?xml version="1.0" encoding="UTF-8"?>
<!-- Generated by org.testng.reporters.JUnitXMLReporter -->
<testsuite hostname="DESKTOP-361V7H7" ignored="0" name="Regration" tests="3" failures="0" timestamp="25 Feb 2021 12:17:46 GMT" time="28.79" errors="0">
  <testcase name="LoginTest" time="0.755" classname="com.asynctric.qa.Testcase.LoginPageTest"/>
  <testcase name="LoginPageTitleTest" time="0.022" classname="com.asynctric.qa.Testcase.LoginPageTest"/>
  <testcase name="VlidateImageTest" time="0.25" classname="com.asynctric.qa.Testcase.LoginPageTest"/>
</testsuite> <!-- Regration -->
