<?xml version="1.0" encoding="UTF-8"?>
<!-- Generated by org.testng.reporters.JUnitXMLReporter -->
<testsuite hostname="DESKTOP-361V7H7" ignored="0" name="Default test" tests="7" failures="0" timestamp="30 Jan 2021 11:01:00 GMT" time="111.544" errors="0">
  <testcase name="ValidateRegPageURLTest" time="0.431" classname="com.asynctric.qa.Testcase.RegistrationPageTest"/>
  <testcase name="ValidateRegPageTextTest" time="0.247" classname="com.asynctric.qa.Testcase.RegistrationPageTest"/>
  <testcase name="RegFormNameTest" time="1.679" classname="com.asynctric.qa.Testcase.RegistrationPageTest"/>
  <testcase name="RegFormEmailTest" time="1.534" classname="com.asynctric.qa.Testcase.RegistrationPageTest"/>
  <testcase name="RegFormMobileTest" time="1.519" classname="com.asynctric.qa.Testcase.RegistrationPageTest"/>
  <testcase name="RegFormPasswordTest" time="1.681" classname="com.asynctric.qa.Testcase.RegistrationPageTest"/>
  <testcase name="RegFormTest" time="3.468" classname="com.asynctric.qa.Testcase.RegistrationPageTest"/>
</testsuite> <!-- Default test -->
