<?xml version="1.0" encoding="UTF-8"?>
<!-- Generated by org.testng.reporters.JUnitXMLReporter -->
<testsuite hostname="DESKTOP-361V7H7" ignored="0" name="Default test" tests="3" failures="0" timestamp="03 Feb 2021 10:41:33 GMT" time="44.977" errors="0">
  <testcase name="ValidatehomepageimageTest" time="0.238" classname="com.asynctric.qa.Testcase.HomePageTest"/>
  <testcase name="MoveToAddressPageTest" time="3.193" classname="com.asynctric.qa.Testcase.HomePageTest"/>
  <testcase name="scrolldownTest" time="3.273" classname="com.asynctric.qa.Testcase.HomePageTest"/>
</testsuite> <!-- Default test -->
