<?xml version="1.0" encoding="UTF-8"?>
<!-- Generated by org.testng.reporters.JUnitXMLReporter -->
<testsuite hostname="DESKTOP-361V7H7" ignored="0" name="Asyncentric test" tests="6" failures="0" timestamp="28 Aug 2020 09:43:09 GMT" time="90.001" errors="0">
  <testcase name="NewAddressFormTest" time="11.608" classname="com.asynctric.qa.Testcase.AddressPageTest"/>
  <testcase name="LoginPageTitleTest" time="0.03" classname="com.asynctric.qa.Testcase.LoginPageTest"/>
  <testcase name="ValidatehomepageimageTest" time="0.162" classname="com.asynctric.qa.Testcase.HomePageTest"/>
  <testcase name="VlidateImageTest" time="0.098" classname="com.asynctric.qa.Testcase.LoginPageTest"/>
  <testcase name="MoveToAddressPageTest" time="2.6" classname="com.asynctric.qa.Testcase.HomePageTest"/>
  <testcase name="LoginTest" time="1.097" classname="com.asynctric.qa.Testcase.LoginPageTest"/>
</testsuite> <!-- Asyncentric test -->
