<?xml version="1.0" encoding="UTF-8"?>
<!-- Generated by org.testng.reporters.JUnitXMLReporter -->
<testsuite hostname="DESKTOP-361V7H7" ignored="0" name="com.asynctric.qa.Testcase" tests="3" failures="0" timestamp="06 Aug 2020 12:01:52 GMT" time="20.336" errors="0">
  <testcase name="LoginPageTitleTest" time="0.026" classname="com.asynctric.qa.Testcase.LoginPageTest"/>
  <testcase name="VlidateImageTest" time="0.154" classname="com.asynctric.qa.Testcase.LoginPageTest"/>
  <testcase name="LoginTest" time="0.868" classname="com.asynctric.qa.Testcase.LoginPageTest"/>
</testsuite> <!-- com.asynctric.qa.Testcase -->
