<?xml version="1.0" encoding="UTF-8"?>
<testng-results skipped="0" failed="0" total="11" passed="11">
  <reporter-output>
  </reporter-output>
  <suite name="Ecart" duration-ms="164908" started-at="2021-02-11T09:05:50Z" finished-at="2021-02-11T09:08:35Z">
    <groups>
      <group name="smoke">
        <method signature="HomePageTest.scrolldownTest()[pri:0, instance:com.asynctric.qa.Testcase.HomePageTest@525f1e4e]" name="scrolldownTest" class="com.asynctric.qa.Testcase.HomePageTest"/>
        <method signature="LoginPageTest.LoginTest()[pri:0, instance:com.asynctric.qa.Testcase.LoginPageTest@8b96fde]" name="LoginTest" class="com.asynctric.qa.Testcase.LoginPageTest"/>
        <method signature="CategoriesMenTest.AddProductFirstTest()[pri:0, instance:com.asynctric.qa.Testcase.CategoriesMenTest@5b0abc94]" name="AddProductFirstTest" class="com.asynctric.qa.Testcase.CategoriesMenTest"/>
      </group> <!-- smoke -->
    </groups>
    <test name="Regration" duration-ms="56379" started-at="2021-02-11T09:05:50Z" finished-at="2021-02-11T09:06:47Z">
      <class name="com.asynctric.qa.Testcase.HomePageTest">
        <test-method status="PASS" signature="setuphomepage()[pri:0, instance:com.asynctric.qa.Testcase.HomePageTest@525f1e4e]" name="setuphomepage" is-config="true" duration-ms="6607" started-at="2021-02-11T14:35:50Z" finished-at="2021-02-11T14:35:57Z">
          <reporter-output>
          </reporter-output>
        </test-method> <!-- setuphomepage -->
        <test-method status="PASS" signature="scrolldownTest()[pri:0, instance:com.asynctric.qa.Testcase.HomePageTest@525f1e4e]" name="scrolldownTest" duration-ms="8534" started-at="2021-02-11T14:35:57Z" finished-at="2021-02-11T14:36:05Z">
          <reporter-output>
          </reporter-output>
        </test-method> <!-- scrolldownTest -->
        <test-method status="PASS" signature="TearDown()[pri:0, instance:com.asynctric.qa.Testcase.HomePageTest@525f1e4e]" name="TearDown" is-config="true" duration-ms="922" started-at="2021-02-11T14:36:05Z" finished-at="2021-02-11T14:36:06Z">
          <reporter-output>
          </reporter-output>
        </test-method> <!-- TearDown -->
        <test-method status="PASS" signature="setuphomepage()[pri:0, instance:com.asynctric.qa.Testcase.HomePageTest@525f1e4e]" name="setuphomepage" is-config="true" duration-ms="5046" started-at="2021-02-11T14:36:06Z" finished-at="2021-02-11T14:36:11Z">
          <reporter-output>
          </reporter-output>
        </test-method> <!-- setuphomepage -->
        <test-method status="PASS" signature="ValidatehomepageimageTest()[pri:0, instance:com.asynctric.qa.Testcase.HomePageTest@525f1e4e]" name="ValidatehomepageimageTest" duration-ms="286" started-at="2021-02-11T14:36:11Z" finished-at="2021-02-11T14:36:12Z">
          <reporter-output>
          </reporter-output>
        </test-method> <!-- ValidatehomepageimageTest -->
        <test-method status="PASS" signature="TearDown()[pri:0, instance:com.asynctric.qa.Testcase.HomePageTest@525f1e4e]" name="TearDown" is-config="true" duration-ms="648" started-at="2021-02-11T14:36:12Z" finished-at="2021-02-11T14:36:12Z">
          <reporter-output>
          </reporter-output>
        </test-method> <!-- TearDown -->
        <test-method status="PASS" signature="setuphomepage()[pri:0, instance:com.asynctric.qa.Testcase.HomePageTest@525f1e4e]" name="setuphomepage" is-config="true" duration-ms="7895" started-at="2021-02-11T14:36:12Z" finished-at="2021-02-11T14:36:20Z">
          <reporter-output>
          </reporter-output>
        </test-method> <!-- setuphomepage -->
        <test-method status="PASS" signature="MoveToAddressPageTest()[pri:0, instance:com.asynctric.qa.Testcase.HomePageTest@525f1e4e]" name="MoveToAddressPageTest" duration-ms="3107" started-at="2021-02-11T14:36:20Z" finished-at="2021-02-11T14:36:23Z">
          <reporter-output>
          </reporter-output>
        </test-method> <!-- MoveToAddressPageTest -->
        <test-method status="PASS" signature="TearDown()[pri:0, instance:com.asynctric.qa.Testcase.HomePageTest@525f1e4e]" name="TearDown" is-config="true" duration-ms="1626" started-at="2021-02-11T14:36:23Z" finished-at="2021-02-11T14:36:25Z">
          <reporter-output>
          </reporter-output>
        </test-method> <!-- TearDown -->
      </class> <!-- com.asynctric.qa.Testcase.HomePageTest -->
      <class name="com.asynctric.qa.Testcase.LoginPageTest">
        <test-method status="PASS" signature="setup()[pri:0, instance:com.asynctric.qa.Testcase.LoginPageTest@8b96fde]" name="setup" is-config="true" duration-ms="8359" started-at="2021-02-11T14:36:25Z" finished-at="2021-02-11T14:36:33Z">
          <reporter-output>
          </reporter-output>
        </test-method> <!-- setup -->
        <test-method status="PASS" signature="LoginTest()[pri:0, instance:com.asynctric.qa.Testcase.LoginPageTest@8b96fde]" name="LoginTest" duration-ms="885" started-at="2021-02-11T14:36:33Z" finished-at="2021-02-11T14:36:34Z">
          <reporter-output>
          </reporter-output>
        </test-method> <!-- LoginTest -->
        <test-method status="PASS" signature="TearDowm()[pri:0, instance:com.asynctric.qa.Testcase.LoginPageTest@8b96fde]" name="TearDowm" is-config="true" duration-ms="728" started-at="2021-02-11T14:36:34Z" finished-at="2021-02-11T14:36:35Z">
          <reporter-output>
          </reporter-output>
        </test-method> <!-- TearDowm -->
        <test-method status="PASS" signature="setup()[pri:0, instance:com.asynctric.qa.Testcase.LoginPageTest@8b96fde]" name="setup" is-config="true" duration-ms="5602" started-at="2021-02-11T14:36:35Z" finished-at="2021-02-11T14:36:40Z">
          <reporter-output>
          </reporter-output>
        </test-method> <!-- setup -->
        <test-method status="PASS" signature="LoginPageTitleTest()[pri:0, instance:com.asynctric.qa.Testcase.LoginPageTest@8b96fde]" name="LoginPageTitleTest" duration-ms="16" started-at="2021-02-11T14:36:40Z" finished-at="2021-02-11T14:36:40Z">
          <reporter-output>
          </reporter-output>
        </test-method> <!-- LoginPageTitleTest -->
        <test-method status="PASS" signature="TearDowm()[pri:0, instance:com.asynctric.qa.Testcase.LoginPageTest@8b96fde]" name="TearDowm" is-config="true" duration-ms="812" started-at="2021-02-11T14:36:40Z" finished-at="2021-02-11T14:36:41Z">
          <reporter-output>
          </reporter-output>
        </test-method> <!-- TearDowm -->
        <test-method status="PASS" signature="setup()[pri:0, instance:com.asynctric.qa.Testcase.LoginPageTest@8b96fde]" name="setup" is-config="true" duration-ms="4525" started-at="2021-02-11T14:36:41Z" finished-at="2021-02-11T14:36:46Z">
          <reporter-output>
          </reporter-output>
        </test-method> <!-- setup -->
        <test-method status="PASS" signature="VlidateImageTest()[pri:0, instance:com.asynctric.qa.Testcase.LoginPageTest@8b96fde]" name="VlidateImageTest" duration-ms="109" started-at="2021-02-11T14:36:46Z" finished-at="2021-02-11T14:36:46Z">
          <reporter-output>
          </reporter-output>
        </test-method> <!-- VlidateImageTest -->
        <test-method status="PASS" signature="TearDowm()[pri:0, instance:com.asynctric.qa.Testcase.LoginPageTest@8b96fde]" name="TearDowm" is-config="true" duration-ms="641" started-at="2021-02-11T14:36:46Z" finished-at="2021-02-11T14:36:47Z">
          <reporter-output>
          </reporter-output>
        </test-method> <!-- TearDowm -->
      </class> <!-- com.asynctric.qa.Testcase.LoginPageTest -->
    </test> <!-- Regration -->
    <test name="registration" duration-ms="108014" started-at="2021-02-11T09:06:47Z" finished-at="2021-02-11T09:08:35Z">
      <class name="com.asynctric.qa.Testcase.CategoriesMenTest">
        <test-method status="PASS" signature="setpage()[pri:0, instance:com.asynctric.qa.Testcase.CategoriesMenTest@5b0abc94]" name="setpage" is-config="true" duration-ms="6020" started-at="2021-02-11T14:36:47Z" finished-at="2021-02-11T14:36:53Z">
          <reporter-output>
          </reporter-output>
        </test-method> <!-- setpage -->
        <test-method status="PASS" signature="AddProductFirstTest()[pri:0, instance:com.asynctric.qa.Testcase.CategoriesMenTest@5b0abc94]" name="AddProductFirstTest" duration-ms="12473" started-at="2021-02-11T14:36:53Z" finished-at="2021-02-11T14:37:06Z">
          <reporter-output>
          </reporter-output>
        </test-method> <!-- AddProductFirstTest -->
        <test-method status="PASS" signature="TearDown()[pri:0, instance:com.asynctric.qa.Testcase.CategoriesMenTest@5b0abc94]" name="TearDown" is-config="true" duration-ms="863" started-at="2021-02-11T14:37:06Z" finished-at="2021-02-11T14:37:06Z">
          <reporter-output>
          </reporter-output>
        </test-method> <!-- TearDown -->
        <test-method status="PASS" signature="setpage()[pri:0, instance:com.asynctric.qa.Testcase.CategoriesMenTest@5b0abc94]" name="setpage" is-config="true" duration-ms="6578" started-at="2021-02-11T14:37:06Z" finished-at="2021-02-11T14:37:13Z">
          <reporter-output>
          </reporter-output>
        </test-method> <!-- setpage -->
        <test-method status="PASS" signature="AddProductSecondTest()[pri:0, instance:com.asynctric.qa.Testcase.CategoriesMenTest@5b0abc94]" name="AddProductSecondTest" duration-ms="14582" started-at="2021-02-11T14:37:13Z" finished-at="2021-02-11T14:37:28Z">
          <reporter-output>
          </reporter-output>
        </test-method> <!-- AddProductSecondTest -->
        <test-method status="PASS" signature="TearDown()[pri:0, instance:com.asynctric.qa.Testcase.CategoriesMenTest@5b0abc94]" name="TearDown" is-config="true" duration-ms="1287" started-at="2021-02-11T14:37:28Z" finished-at="2021-02-11T14:37:29Z">
          <reporter-output>
          </reporter-output>
        </test-method> <!-- TearDown -->
      </class> <!-- com.asynctric.qa.Testcase.CategoriesMenTest -->
      <class name="com.asynctric.qa.Testcase.RegistrationPageTest">
        <test-method status="PASS" signature="Setup()[pri:0, instance:com.asynctric.qa.Testcase.RegistrationPageTest@7d68ef40]" name="Setup" is-config="true" duration-ms="4644" started-at="2021-02-11T14:37:29Z" finished-at="2021-02-11T14:37:34Z">
          <reporter-output>
          </reporter-output>
        </test-method> <!-- Setup -->
        <test-method status="PASS" signature="ValidateRegPageURLTest()[pri:0, instance:com.asynctric.qa.Testcase.RegistrationPageTest@7d68ef40]" name="ValidateRegPageURLTest" duration-ms="183" started-at="2021-02-11T14:37:34Z" finished-at="2021-02-11T14:37:34Z">
          <reporter-output>
          </reporter-output>
        </test-method> <!-- ValidateRegPageURLTest -->
        <test-method status="PASS" signature="Teardown()[pri:0, instance:com.asynctric.qa.Testcase.RegistrationPageTest@7d68ef40]" name="Teardown" is-config="true" duration-ms="748" started-at="2021-02-11T14:37:34Z" finished-at="2021-02-11T14:37:34Z">
          <reporter-output>
          </reporter-output>
        </test-method> <!-- Teardown -->
        <test-method status="PASS" signature="Setup()[pri:0, instance:com.asynctric.qa.Testcase.RegistrationPageTest@7d68ef40]" name="Setup" is-config="true" duration-ms="14339" started-at="2021-02-11T14:37:34Z" finished-at="2021-02-11T14:37:49Z">
          <reporter-output>
          </reporter-output>
        </test-method> <!-- Setup -->
        <test-method status="PASS" signature="ValidateRegPageTextTest()[pri:0, instance:com.asynctric.qa.Testcase.RegistrationPageTest@7d68ef40]" name="ValidateRegPageTextTest" duration-ms="225" started-at="2021-02-11T14:37:49Z" finished-at="2021-02-11T14:37:49Z">
          <reporter-output>
          </reporter-output>
        </test-method> <!-- ValidateRegPageTextTest -->
        <test-method status="PASS" signature="Teardown()[pri:0, instance:com.asynctric.qa.Testcase.RegistrationPageTest@7d68ef40]" name="Teardown" is-config="true" duration-ms="684" started-at="2021-02-11T14:37:49Z" finished-at="2021-02-11T14:37:50Z">
          <reporter-output>
          </reporter-output>
        </test-method> <!-- Teardown -->
        <test-method status="PASS" signature="Setup()[pri:0, instance:com.asynctric.qa.Testcase.RegistrationPageTest@7d68ef40]" name="Setup" is-config="true" duration-ms="5977" started-at="2021-02-11T14:37:50Z" finished-at="2021-02-11T14:37:56Z">
          <reporter-output>
          </reporter-output>
        </test-method> <!-- Setup -->
        <test-method status="PASS" signature="RegFormExcelTest()[pri:0, instance:com.asynctric.qa.Testcase.RegistrationPageTest@7d68ef40]" name="RegFormExcelTest" duration-ms="38408" started-at="2021-02-11T14:37:56Z" finished-at="2021-02-11T14:38:34Z">
          <reporter-output>
          </reporter-output>
        </test-method> <!-- RegFormExcelTest -->
        <test-method status="PASS" signature="Teardown()[pri:0, instance:com.asynctric.qa.Testcase.RegistrationPageTest@7d68ef40]" name="Teardown" is-config="true" duration-ms="1002" started-at="2021-02-11T14:38:34Z" finished-at="2021-02-11T14:38:35Z">
          <reporter-output>
          </reporter-output>
        </test-method> <!-- Teardown -->
      </class> <!-- com.asynctric.qa.Testcase.RegistrationPageTest -->
    </test> <!-- registration -->
  </suite> <!-- Ecart -->
</testng-results>
