<?xml version="1.0" encoding="UTF-8" ?>
<testsuite tests="12" failures="1" name="TestSuite" time="174.588" errors="0" skipped="0">
  <properties>
[...]
</properties>
  <testcase classname="com.asynctric.qa.Testcase.AddressPageTest" name="NewAddressFormTest" time="75.59"/>
  <testcase classname="com.asynctric.qa.Testcase.CategoriesMenTest" name="AddProductFirstTest" time="13.045"/>
  <testcase classname="com.asynctric.qa.Testcase.HomePageTest" name="ValidatehomepageimageTest" time="0.209"/>
  <testcase classname="com.asynctric.qa.Testcase.LoginPageTest" name="LoginPageTitleTest" time="0.053"/>
  <testcase classname="com.asynctric.qa.Testcase.RegistrationPageTest" name="ValidateRegPageURLTest" time="0.227"/>
  <testcase classname="com.asynctric.qa.Testcase.CategoriesMenTest" name="AddProductSecondTest" time="14.774"/>
  <testcase classname="com.asynctric.qa.Testcase.HomePageTest" name="MoveToAddressPageTest" time="3.71"/>
  <testcase classname="com.asynctric.qa.Testcase.LoginPageTest" name="VlidateImageTest" time="0.1"/>
  <testcase classname="com.asynctric.qa.Testcase.RegistrationPageTest" name="ValidateRegPageTextTest" time="0.225"/>
  <testcase classname="com.asynctric.qa.Testcase.HomePageTest" name="scrolldownTest" time="12.409"/>
  <testcase classname="com.asynctric.qa.Testcase.LoginPageTest" name="LoginTest" time="1.46"/>
  <testcase classname="com.asynctric.qa.Testcase.RegistrationPageTest" name="RegFormExcelTest" time="52.786">
    <failure message="no such element: Unable to locate element: {&quot;method&quot;:&quot;css selector&quot;,&quot;selector&quot;:&quot;#name&quot;}
  (Session info: chrome=88.0.4324.146)
For documentation on this error, please visit: https://www.seleniumhq.org/exceptions/no_such_element.html
Build info: version: &apos;3.141.59&apos;, revision: &apos;e82be7d358&apos;, time: &apos;2018-11-14T08:17:03&apos;
System info: host: &apos;DESKTOP-361V7H7&apos;, ip: &apos;192.168.0.101&apos;, os.name: &apos;Windows 10&apos;, os.arch: &apos;amd64&apos;, os.version: &apos;10.0&apos;, java.version: &apos;1.8.0_152&apos;
Driver info: org.openqa.selenium.chrome.ChromeDriver
Capabilities {acceptInsecureCerts: false, browserName: chrome, browserVersion: 88.0.4324.146, chrome: {chromedriverVersion: 88.0.4324.96 (68dba2d8a0b14..., userDataDir: C:\Users\ARUN\AppData\Local...}, goog:chromeOptions: {debuggerAddress: localhost:52061}, javascriptEnabled: true, networkConnectionEnabled: false, pageLoadStrategy: normal, platform: WINDOWS, platformName: WINDOWS, proxy: Proxy(), setWindowRect: true, strictFileInteractability: false, timeouts: {implicit: 0, pageLoad: 300000, script: 30000}, unhandledPromptBehavior: dismiss and notify, webauthn:extension:largeBlob: true, webauthn:virtualAuthenticators: true}
Session ID: 03641f87b4d2b5d4ef1a04f351435981
*** Element info: {Using=id, value=name}" type="org.openqa.selenium.NoSuchElementException">org.openqa.selenium.NoSuchElementException: no such element: Unable to locate element: {&quot;method&quot;:&quot;css selector&quot;,&quot;selector&quot;:&quot;#name&quot;}
  (Session info: chrome=88.0.4324.146)
For documentation on this error, please visit: https://www.seleniumhq.org/exceptions/no_such_element.html
Build info: version: &apos;3.141.59&apos;, revision: &apos;e82be7d358&apos;, time: &apos;2018-11-14T08:17:03&apos;
System info: host: &apos;DESKTOP-361V7H7&apos;, ip: &apos;192.168.0.101&apos;, os.name: &apos;Windows 10&apos;, os.arch: &apos;amd64&apos;, os.version: &apos;10.0&apos;, java.version: &apos;1.8.0_152&apos;
Driver info: org.openqa.selenium.chrome.ChromeDriver
Capabilities {acceptInsecureCerts: false, browserName: chrome, browserVersion: 88.0.4324.146, chrome: {chromedriverVersion: 88.0.4324.96 (68dba2d8a0b14..., userDataDir: C:\Users\ARUN\AppData\Local...}, goog:chromeOptions: {debuggerAddress: localhost:52061}, javascriptEnabled: true, networkConnectionEnabled: false, pageLoadStrategy: normal, platform: WINDOWS, platformName: WINDOWS, proxy: Proxy(), setWindowRect: true, strictFileInteractability: false, timeouts: {implicit: 0, pageLoad: 300000, script: 30000}, unhandledPromptBehavior: dismiss and notify, webauthn:extension:largeBlob: true, webauthn:virtualAuthenticators: true}
Session ID: 03641f87b4d2b5d4ef1a04f351435981
*** Element info: {Using=id, value=name}
	at sun.reflect.NativeConstructorAccessorImpl.newInstance0(Native Method)
	at sun.reflect.NativeConstructorAccessorImpl.newInstance(NativeConstructorAccessorImpl.java:62)
	at sun.reflect.DelegatingConstructorAccessorImpl.newInstance(DelegatingConstructorAccessorImpl.java:45)
	at java.lang.reflect.Constructor.newInstance(Constructor.java:423)
	at org.openqa.selenium.remote.http.W3CHttpResponseCodec.createException(W3CHttpResponseCodec.java:187)
	at org.openqa.selenium.remote.http.W3CHttpResponseCodec.decode(W3CHttpResponseCodec.java:122)
	at org.openqa.selenium.remote.http.W3CHttpResponseCodec.decode(W3CHttpResponseCodec.java:49)
	at org.openqa.selenium.remote.HttpCommandExecutor.execute(HttpCommandExecutor.java:158)
	at org.openqa.selenium.remote.service.DriverCommandExecutor.execute(DriverCommandExecutor.java:83)
	at org.openqa.selenium.remote.RemoteWebDriver.execute(RemoteWebDriver.java:552)
	at org.openqa.selenium.remote.RemoteWebDriver.findElement(RemoteWebDriver.java:323)
	at org.openqa.selenium.remote.RemoteWebDriver.findElementById(RemoteWebDriver.java:372)
	at org.openqa.selenium.By$ById.findElement(By.java:188)
	at org.openqa.selenium.remote.RemoteWebDriver.findElement(RemoteWebDriver.java:315)
	at sun.reflect.GeneratedMethodAccessor10.invoke(Unknown Source)
	at sun.reflect.DelegatingMethodAccessorImpl.invoke(DelegatingMethodAccessorImpl.java:43)
	at java.lang.reflect.Method.invoke(Method.java:498)
	at org.openqa.selenium.support.events.EventFiringWebDriver.lambda$new$1(EventFiringWebDriver.java:105)
	at com.sun.proxy.$Proxy5.findElement(Unknown Source)
	at org.openqa.selenium.support.events.EventFiringWebDriver.findElement(EventFiringWebDriver.java:194)
	at org.openqa.selenium.support.pagefactory.DefaultElementLocator.findElement(DefaultElementLocator.java:69)
	at org.openqa.selenium.support.pagefactory.internal.LocatingElementHandler.invoke(LocatingElementHandler.java:38)
	at com.sun.proxy.$Proxy9.clear(Unknown Source)
	at com.asynctric.qa.pages.RegistrationPage.RegFormExcel(RegistrationPage.java:69)
	at com.asynctric.qa.Testcase.RegistrationPageTest.RegFormExcelTest(RegistrationPageTest.java:45)
</failure>
    <system-out>Driver ChromeDriver: chrome on WINDOWS (03641f87b4d2b5d4ef1a04f351435981)
Driver org.openqa.selenium.support.events.EventFiringWebDriver@58324c9f
Before navigating to: &apos;https://ecomm-fed59.web.app/login&apos;
Navigated to:&apos;https://ecomm-fed59.web.app/login&apos;
Row Count for registration sheet is :6
Trying to find Element By : By.linkText: Create Account
Found Element By : By.linkText: Create Account
Trying to click on: [[ChromeDriver: chrome on WINDOWS (03641f87b4d2b5d4ef1a04f351435981)] -&gt; link text: Create Account]
Clicked on: [[ChromeDriver: chrome on WINDOWS (03641f87b4d2b5d4ef1a04f351435981)] -&gt; link text: Create Account]
Trying to find Element By : By.id: name
Found Element By : By.id: name
Trying to find Element By : By.id: name
Found Element By : By.id: name
Trying to find Element By : By.id: email
Found Element By : By.id: email
Trying to find Element By : By.id: email
Found Element By : By.id: email
Trying to find Element By : By.id: mobile
Found Element By : By.id: mobile
Trying to find Element By : By.id: mobile
Found Element By : By.id: mobile
Trying to find Element By : By.id: password
Found Element By : By.id: password
Trying to find Element By : By.id: password
Found Element By : By.id: password
Trying to find Element By : By.xpath: //span[@class=&apos;MuiButton-label&apos;]
Found Element By : By.xpath: //span[@class=&apos;MuiButton-label&apos;]
Trying to click on: [[ChromeDriver: chrome on WINDOWS (03641f87b4d2b5d4ef1a04f351435981)] -&gt; xpath: //span[@class=&apos;MuiButton-label&apos;]]
Clicked on: [[ChromeDriver: chrome on WINDOWS (03641f87b4d2b5d4ef1a04f351435981)] -&gt; xpath: //span[@class=&apos;MuiButton-label&apos;]]
Trying to find Element By : By.xpath: //span[@id=&apos;snackbar-message-id&apos;]
Found Element By : By.xpath: //span[@id=&apos;snackbar-message-id&apos;]
Please enter your Name
Trying to find Element By : By.xpath: //span[@id=&apos;snackbar-message-id&apos;]
Found Element By : By.xpath: //span[@id=&apos;snackbar-message-id&apos;]
Trying to find Element By : By.id: name
Found Element By : By.id: name
Trying to find Element By : By.id: name
Found Element By : By.id: name
Trying to find Element By : By.id: email
Found Element By : By.id: email
Trying to find Element By : By.id: email
Found Element By : By.id: email
Trying to find Element By : By.id: mobile
Found Element By : By.id: mobile
Trying to find Element By : By.id: mobile
Found Element By : By.id: mobile
Trying to find Element By : By.id: password
Found Element By : By.id: password
Trying to find Element By : By.id: password
Found Element By : By.id: password
Trying to find Element By : By.xpath: //span[@class=&apos;MuiButton-label&apos;]
Found Element By : By.xpath: //span[@class=&apos;MuiButton-label&apos;]
Trying to click on: [[ChromeDriver: chrome on WINDOWS (03641f87b4d2b5d4ef1a04f351435981)] -&gt; xpath: //span[@class=&apos;MuiButton-label&apos;]]
Clicked on: [[ChromeDriver: chrome on WINDOWS (03641f87b4d2b5d4ef1a04f351435981)] -&gt; xpath: //span[@class=&apos;MuiButton-label&apos;]]
Trying to find Element By : By.xpath: //span[@id=&apos;snackbar-message-id&apos;]
Found Element By : By.xpath: //span[@id=&apos;snackbar-message-id&apos;]
Email already exists!
Trying to find Element By : By.xpath: //span[@id=&apos;snackbar-message-id&apos;]
Found Element By : By.xpath: //span[@id=&apos;snackbar-message-id&apos;]
Trying to find Element By : By.linkText: Login!
Found Element By : By.linkText: Login!
Trying to click on: [[ChromeDriver: chrome on WINDOWS (03641f87b4d2b5d4ef1a04f351435981)] -&gt; link text: Login!]
Clicked on: [[ChromeDriver: chrome on WINDOWS (03641f87b4d2b5d4ef1a04f351435981)] -&gt; link text: Login!]
After Registration URL is :https://ecomm-fed59.web.app/login
Trying to find Element By : By.id: name
</system-out>
    <system-err>Starting ChromeDriver 88.0.4324.96 (68dba2d8a0b149a1d3afac56fa74648032bcf46b-refs/branch-heads/4324@{#1784}) on port 39584
Only local connections are allowed.
Please see https://chromedriver.chromium.org/security-considerations for suggestions on keeping ChromeDriver safe.
ChromeDriver was started successfully.
Feb 06, 2021 12:01:57 PM org.openqa.selenium.remote.ProtocolHandshake createSession
INFO: Detected dialect: W3C
</system-err>
  </testcase>
</testsuite>