<?xml version="1.0" encoding="UTF-8"?>
<testsuite xmlns:xsi="http://www.w3.org/2001/XMLSchema-instance" xsi:noNamespaceSchemaLocation="https://maven.apache.org/surefire/maven-surefire-plugin/xsd/surefire-test-report-3.0.xsd" version="3.0" name="TestSuite" time="160.474" tests="11" errors="0" skipped="0" failures="0">
  <properties>
[...]
</properties>
  <testcase name="scrolldownTest" classname="com.asynctric.qa.Testcase.HomePageTest" time="11.027">
    <system-out><![CDATA[Driver ChromeDriver: chrome on WINDOWS (2b872beb215117d944ea64755d0781e7)
Driver org.openqa.selenium.support.events.EventFiringWebDriver@71e693fa
Before navigating to: 'https://ecomm-fed59.web.app/login'
Navigated to:'https://ecomm-fed59.web.app/login'
Trying to find Element By : By.id: email
Found Element By : By.id: email
Trying to find Element By : By.id: password
Found Element By : By.id: password
Trying to find Element By : By.xpath: //span[text()='Log In']
Found Element By : By.xpath: //span[text()='Log In']
Trying to click on: [[ChromeDriver: chrome on WINDOWS (2b872beb215117d944ea64755d0781e7)] -> xpath: //span[text()='Log In']]
Clicked on: [[ChromeDriver: chrome on WINDOWS (2b872beb215117d944ea64755d0781e7)] -> xpath: //span[text()='Log In']]
Trying to find Element By : By.xpath: //body/div[@id='root']/div[1]/footer[1]/div[2]/div[1]/div[4]/div[1]/a[1]/*[1]
Found Element By : By.xpath: //body/div[@id='root']/div[1]/footer[1]/div[2]/div[1]/div[4]/div[1]/a[1]/*[1]
Trying to click on: [[ChromeDriver: chrome on WINDOWS (2b872beb215117d944ea64755d0781e7)] -> xpath: //body/div[@id='root']/div[1]/footer[1]/div[2]/div[1]/div[4]/div[1]/a[1]/*[1]]
Clicked on: [[ChromeDriver: chrome on WINDOWS (2b872beb215117d944ea64755d0781e7)] -> xpath: //body/div[@id='root']/div[1]/footer[1]/div[2]/div[1]/div[4]/div[1]/a[1]/*[1]]
https://www.facebook.com/asyncentric/
]]></system-out>
    <system-err><![CDATA[Starting ChromeDriver 88.0.4324.96 (68dba2d8a0b149a1d3afac56fa74648032bcf46b-refs/branch-heads/4324@{#1784}) on port 10325
Only local connections are allowed.
Please see https://chromedriver.chromium.org/security-considerations for suggestions on keeping ChromeDriver safe.
ChromeDriver was started successfully.
Feb 11, 2021 6:34:47 PM org.openqa.selenium.remote.ProtocolHandshake createSession
INFO: Detected dialect: W3C
]]></system-err>
  </testcase>
  <testcase name="ValidatehomepageimageTest" classname="com.asynctric.qa.Testcase.HomePageTest" time="0.27">
    <system-out><![CDATA[Driver ChromeDriver: chrome on WINDOWS (75ef07aa36039f4d3d6b5712feabc0d6)
Driver org.openqa.selenium.support.events.EventFiringWebDriver@3212a8d7
Before navigating to: 'https://ecomm-fed59.web.app/login'
Navigated to:'https://ecomm-fed59.web.app/login'
Trying to find Element By : By.id: email
Found Element By : By.id: email
Trying to find Element By : By.id: password
Found Element By : By.id: password
Trying to find Element By : By.xpath: //span[text()='Log In']
Found Element By : By.xpath: //span[text()='Log In']
Trying to click on: [[ChromeDriver: chrome on WINDOWS (75ef07aa36039f4d3d6b5712feabc0d6)] -> xpath: //span[text()='Log In']]
Clicked on: [[ChromeDriver: chrome on WINDOWS (75ef07aa36039f4d3d6b5712feabc0d6)] -> xpath: //span[text()='Log In']]
Trying to find Element By : By.xpath: //img[contains(@class,jss28)]
Found Element By : By.xpath: //img[contains(@class,jss28)]
Home Page LoGO Available true
]]></system-out>
    <system-err><![CDATA[Starting ChromeDriver 88.0.4324.96 (68dba2d8a0b149a1d3afac56fa74648032bcf46b-refs/branch-heads/4324@{#1784}) on port 25341
Only local connections are allowed.
Please see https://chromedriver.chromium.org/security-considerations for suggestions on keeping ChromeDriver safe.
ChromeDriver was started successfully.
Feb 11, 2021 6:35:06 PM org.openqa.selenium.remote.ProtocolHandshake createSession
INFO: Detected dialect: W3C
]]></system-err>
  </testcase>
  <testcase name="MoveToAddressPageTest" classname="com.asynctric.qa.Testcase.HomePageTest" time="2.639">
    <system-out><![CDATA[Driver ChromeDriver: chrome on WINDOWS (c302d70954a510315358aae2ffa79dcb)
Driver org.openqa.selenium.support.events.EventFiringWebDriver@5a411614
Before navigating to: 'https://ecomm-fed59.web.app/login'
Navigated to:'https://ecomm-fed59.web.app/login'
Trying to find Element By : By.id: email
Found Element By : By.id: email
Trying to find Element By : By.id: password
Found Element By : By.id: password
Trying to find Element By : By.xpath: //span[text()='Log In']
Found Element By : By.xpath: //span[text()='Log In']
Trying to click on: [[ChromeDriver: chrome on WINDOWS (c302d70954a510315358aae2ffa79dcb)] -> xpath: //span[text()='Log In']]
Clicked on: [[ChromeDriver: chrome on WINDOWS (c302d70954a510315358aae2ffa79dcb)] -> xpath: //span[text()='Log In']]
Trying to find Element By : By.xpath: //p[contains(text(),'Profile')]
Found Element By : By.xpath: //p[contains(text(),'Profile')]
Trying to click on: [[ChromeDriver: chrome on WINDOWS (c302d70954a510315358aae2ffa79dcb)] -> xpath: //p[contains(text(),'Profile')]]
Clicked on: [[ChromeDriver: chrome on WINDOWS (c302d70954a510315358aae2ffa79dcb)] -> xpath: //p[contains(text(),'Profile')]]
Trying to find Element By : By.xpath: //span[contains(text(),'Account')]
Found Element By : By.xpath: //span[contains(text(),'Account')]
Trying to click on: [[ChromeDriver: chrome on WINDOWS (c302d70954a510315358aae2ffa79dcb)] -> xpath: //span[contains(text(),'Account')]]
Clicked on: [[ChromeDriver: chrome on WINDOWS (c302d70954a510315358aae2ffa79dcb)] -> xpath: //span[contains(text(),'Account')]]
Address Page Open
]]></system-out>
    <system-err><![CDATA[Starting ChromeDriver 88.0.4324.96 (68dba2d8a0b149a1d3afac56fa74648032bcf46b-refs/branch-heads/4324@{#1784}) on port 5594
Only local connections are allowed.
Please see https://chromedriver.chromium.org/security-considerations for suggestions on keeping ChromeDriver safe.
ChromeDriver was started successfully.
Feb 11, 2021 6:35:16 PM org.openqa.selenium.remote.ProtocolHandshake createSession
INFO: Detected dialect: W3C
]]></system-err>
  </testcase>
  <testcase name="LoginTest" classname="com.asynctric.qa.Testcase.LoginPageTest" time="0.824">
    <system-out><![CDATA[Driver ChromeDriver: chrome on WINDOWS (46a2b3f926413b1ce5cea65d209fec44)
Driver org.openqa.selenium.support.events.EventFiringWebDriver@4264b240
Before navigating to: 'https://ecomm-fed59.web.app/login'
Navigated to:'https://ecomm-fed59.web.app/login'
Trying to find Element By : By.id: email
Found Element By : By.id: email
Trying to find Element By : By.id: password
Found Element By : By.id: password
Trying to find Element By : By.xpath: //span[text()='Log In']
Found Element By : By.xpath: //span[text()='Log In']
Trying to click on: [[ChromeDriver: chrome on WINDOWS (46a2b3f926413b1ce5cea65d209fec44)] -> xpath: //span[text()='Log In']]
Clicked on: [[ChromeDriver: chrome on WINDOWS (46a2b3f926413b1ce5cea65d209fec44)] -> xpath: //span[text()='Log In']]
Home page URL is https://ecomm-fed59.web.app/login
]]></system-out>
    <system-err><![CDATA[Starting ChromeDriver 88.0.4324.96 (68dba2d8a0b149a1d3afac56fa74648032bcf46b-refs/branch-heads/4324@{#1784}) on port 8271
Only local connections are allowed.
Please see https://chromedriver.chromium.org/security-considerations for suggestions on keeping ChromeDriver safe.
ChromeDriver was started successfully.
Feb 11, 2021 6:35:26 PM org.openqa.selenium.remote.ProtocolHandshake createSession
INFO: Detected dialect: W3C
]]></system-err>
  </testcase>
  <testcase name="LoginPageTitleTest" classname="com.asynctric.qa.Testcase.LoginPageTest" time="0.003">
    <system-out><![CDATA[Driver ChromeDriver: chrome on WINDOWS (69cbd1bd29042885bbf9bf67df19cee0)
Driver org.openqa.selenium.support.events.EventFiringWebDriver@4204541c
Before navigating to: 'https://ecomm-fed59.web.app/login'
Navigated to:'https://ecomm-fed59.web.app/login'
Title is ECart
]]></system-out>
    <system-err><![CDATA[Starting ChromeDriver 88.0.4324.96 (68dba2d8a0b149a1d3afac56fa74648032bcf46b-refs/branch-heads/4324@{#1784}) on port 22283
Only local connections are allowed.
Please see https://chromedriver.chromium.org/security-considerations for suggestions on keeping ChromeDriver safe.
ChromeDriver was started successfully.
Feb 11, 2021 6:35:32 PM org.openqa.selenium.remote.ProtocolHandshake createSession
INFO: Detected dialect: W3C
]]></system-err>
  </testcase>
  <testcase name="VlidateImageTest" classname="com.asynctric.qa.Testcase.LoginPageTest" time="0.074">
    <system-out><![CDATA[Driver ChromeDriver: chrome on WINDOWS (9fef43efd51e68ea87bb574a534acda9)
Driver org.openqa.selenium.support.events.EventFiringWebDriver@476aac9
Before navigating to: 'https://ecomm-fed59.web.app/login'
Navigated to:'https://ecomm-fed59.web.app/login'
Trying to find Element By : By.xpath: //img[contains(@class,jss977)]
Found Element By : By.xpath: //img[contains(@class,jss977)]
Image Available true
]]></system-out>
    <system-err><![CDATA[Starting ChromeDriver 88.0.4324.96 (68dba2d8a0b149a1d3afac56fa74648032bcf46b-refs/branch-heads/4324@{#1784}) on port 7691
Only local connections are allowed.
Please see https://chromedriver.chromium.org/security-considerations for suggestions on keeping ChromeDriver safe.
ChromeDriver was started successfully.
Feb 11, 2021 6:35:40 PM org.openqa.selenium.remote.ProtocolHandshake createSession
INFO: Detected dialect: W3C
]]></system-err>
  </testcase>
  <testcase name="AddProductFirstTest" classname="com.asynctric.qa.Testcase.CategoriesMenTest" time="13.391">
    <system-out><![CDATA[Driver ChromeDriver: chrome on WINDOWS (e084164abe978a6038cbf32a850b7a71)
Driver org.openqa.selenium.support.events.EventFiringWebDriver@6dba847b
Before navigating to: 'https://ecomm-fed59.web.app/login'
Navigated to:'https://ecomm-fed59.web.app/login'
Trying to find Element By : By.id: email
Found Element By : By.id: email
Trying to find Element By : By.id: password
Found Element By : By.id: password
Trying to find Element By : By.xpath: //span[text()='Log In']
Found Element By : By.xpath: //span[text()='Log In']
Trying to click on: [[ChromeDriver: chrome on WINDOWS (e084164abe978a6038cbf32a850b7a71)] -> xpath: //span[text()='Log In']]
Clicked on: [[ChromeDriver: chrome on WINDOWS (e084164abe978a6038cbf32a850b7a71)] -> xpath: //span[text()='Log In']]
Trying to find Element By : By.xpath: //header/section[1]/p[2]
Found Element By : By.xpath: //header/section[1]/p[2]
Trying to click on: [[ChromeDriver: chrome on WINDOWS (e084164abe978a6038cbf32a850b7a71)] -> xpath: //header/section[1]/p[2]]
Clicked on: [[ChromeDriver: chrome on WINDOWS (e084164abe978a6038cbf32a850b7a71)] -> xpath: //header/section[1]/p[2]]
Trying to find Element By : By.xpath: //body/div[@id='root']/div[1]/div[3]/section[1]/div[1]/nav[1]/p[2]/span[1]
Found Element By : By.xpath: //body/div[@id='root']/div[1]/div[3]/section[1]/div[1]/nav[1]/p[2]/span[1]
Trying to click on: [[ChromeDriver: chrome on WINDOWS (e084164abe978a6038cbf32a850b7a71)] -> xpath: //body/div[@id='root']/div[1]/div[3]/section[1]/div[1]/nav[1]/p[2]/span[1]]
Clicked on: [[ChromeDriver: chrome on WINDOWS (e084164abe978a6038cbf32a850b7a71)] -> xpath: //body/div[@id='root']/div[1]/div[3]/section[1]/div[1]/nav[1]/p[2]/span[1]]
Trying to find Element By : By.xpath: //body/div[@id='root']/div[1]/div[3]/section[2]/a[1]/div[1]/img[1]
Found Element By : By.xpath: //body/div[@id='root']/div[1]/div[3]/section[2]/a[1]/div[1]/img[1]
Trying to click on: [[ChromeDriver: chrome on WINDOWS (e084164abe978a6038cbf32a850b7a71)] -> xpath: //body/div[@id='root']/div[1]/div[3]/section[2]/a[1]/div[1]/img[1]]
Clicked on: [[ChromeDriver: chrome on WINDOWS (e084164abe978a6038cbf32a850b7a71)] -> xpath: //body/div[@id='root']/div[1]/div[3]/section[2]/a[1]/div[1]/img[1]]
Trying to find Element By : By.xpath: //body/div[@id='root']/div[1]/div[2]/div[1]/div[2]/div[1]/div[1]/div[1]/button[1]/span[1]
Found Element By : By.xpath: //body/div[@id='root']/div[1]/div[2]/div[1]/div[2]/div[1]/div[1]/div[1]/button[1]/span[1]
Trying to click on: [[ChromeDriver: chrome on WINDOWS (e084164abe978a6038cbf32a850b7a71)] -> xpath: //body/div[@id='root']/div[1]/div[2]/div[1]/div[2]/div[1]/div[1]/div[1]/button[1]/span[1]]
Clicked on: [[ChromeDriver: chrome on WINDOWS (e084164abe978a6038cbf32a850b7a71)] -> xpath: //body/div[@id='root']/div[1]/div[2]/div[1]/div[2]/div[1]/div[1]/div[1]/button[1]/span[1]]
Trying to find Element By : By.xpath: //span[@id='snackbar-message-id']
Found Element By : By.xpath: //span[@id='snackbar-message-id']
Already in Cart! Updated Quantity
]]></system-out>
    <system-err><![CDATA[log4j:WARN No appenders could be found for logger (freemarker.cache).
log4j:WARN Please initialize the log4j system properly.
Starting ChromeDriver 88.0.4324.96 (68dba2d8a0b149a1d3afac56fa74648032bcf46b-refs/branch-heads/4324@{#1784}) on port 46066
Only local connections are allowed.
Please see https://chromedriver.chromium.org/security-considerations for suggestions on keeping ChromeDriver safe.
ChromeDriver was started successfully.
Feb 11, 2021 6:35:46 PM org.openqa.selenium.remote.ProtocolHandshake createSession
INFO: Detected dialect: W3C
]]></system-err>
  </testcase>
  <testcase name="AddProductSecondTest" classname="com.asynctric.qa.Testcase.CategoriesMenTest" time="14.909">
    <system-out><![CDATA[Driver ChromeDriver: chrome on WINDOWS (585a9ff4736501de0c405236eac952d1)
Driver org.openqa.selenium.support.events.EventFiringWebDriver@4c0884e8
Before navigating to: 'https://ecomm-fed59.web.app/login'
Navigated to:'https://ecomm-fed59.web.app/login'
Trying to find Element By : By.id: email
Found Element By : By.id: email
Trying to find Element By : By.id: password
Found Element By : By.id: password
Trying to find Element By : By.xpath: //span[text()='Log In']
Found Element By : By.xpath: //span[text()='Log In']
Trying to click on: [[ChromeDriver: chrome on WINDOWS (585a9ff4736501de0c405236eac952d1)] -> xpath: //span[text()='Log In']]
Clicked on: [[ChromeDriver: chrome on WINDOWS (585a9ff4736501de0c405236eac952d1)] -> xpath: //span[text()='Log In']]
Trying to find Element By : By.xpath: //header/section[1]/p[2]
Found Element By : By.xpath: //header/section[1]/p[2]
Trying to click on: [[ChromeDriver: chrome on WINDOWS (585a9ff4736501de0c405236eac952d1)] -> xpath: //header/section[1]/p[2]]
Clicked on: [[ChromeDriver: chrome on WINDOWS (585a9ff4736501de0c405236eac952d1)] -> xpath: //header/section[1]/p[2]]
Trying to find Element By : By.xpath: //body/div[@id='root']/div[1]/div[3]/section[1]/div[1]/nav[1]/p[2]/span[1]
Found Element By : By.xpath: //body/div[@id='root']/div[1]/div[3]/section[1]/div[1]/nav[1]/p[2]/span[1]
Trying to click on: [[ChromeDriver: chrome on WINDOWS (585a9ff4736501de0c405236eac952d1)] -> xpath: //body/div[@id='root']/div[1]/div[3]/section[1]/div[1]/nav[1]/p[2]/span[1]]
Clicked on: [[ChromeDriver: chrome on WINDOWS (585a9ff4736501de0c405236eac952d1)] -> xpath: //body/div[@id='root']/div[1]/div[3]/section[1]/div[1]/nav[1]/p[2]/span[1]]
Trying to find Element By : By.xpath: //body/div[@id='root']/div[1]/div[3]/section[2]/a[2]/div[1]/img[1]
Found Element By : By.xpath: //body/div[@id='root']/div[1]/div[3]/section[2]/a[2]/div[1]/img[1]
Trying to click on: [[ChromeDriver: chrome on WINDOWS (585a9ff4736501de0c405236eac952d1)] -> xpath: //body/div[@id='root']/div[1]/div[3]/section[2]/a[2]/div[1]/img[1]]
Clicked on: [[ChromeDriver: chrome on WINDOWS (585a9ff4736501de0c405236eac952d1)] -> xpath: //body/div[@id='root']/div[1]/div[3]/section[2]/a[2]/div[1]/img[1]]
Trying to find Element By : By.xpath: //body/div[@id='root']/div[1]/div[2]/div[1]/div[2]/div[1]/div[1]/div[1]/section[1]/div[4]
Found Element By : By.xpath: //body/div[@id='root']/div[1]/div[2]/div[1]/div[2]/div[1]/div[1]/div[1]/section[1]/div[4]
Trying to click on: [[ChromeDriver: chrome on WINDOWS (585a9ff4736501de0c405236eac952d1)] -> xpath: //body/div[@id='root']/div[1]/div[2]/div[1]/div[2]/div[1]/div[1]/div[1]/section[1]/div[4]]
Clicked on: [[ChromeDriver: chrome on WINDOWS (585a9ff4736501de0c405236eac952d1)] -> xpath: //body/div[@id='root']/div[1]/div[2]/div[1]/div[2]/div[1]/div[1]/div[1]/section[1]/div[4]]
Trying to find Element By : By.xpath: //body/div[@id='root']/div[1]/div[2]/div[1]/div[2]/div[1]/div[1]/div[2]/section[1]/div[3]
Found Element By : By.xpath: //body/div[@id='root']/div[1]/div[2]/div[1]/div[2]/div[1]/div[1]/div[2]/section[1]/div[3]
Trying to click on: [[ChromeDriver: chrome on WINDOWS (585a9ff4736501de0c405236eac952d1)] -> xpath: //body/div[@id='root']/div[1]/div[2]/div[1]/div[2]/div[1]/div[1]/div[2]/section[1]/div[3]]
Clicked on: [[ChromeDriver: chrome on WINDOWS (585a9ff4736501de0c405236eac952d1)] -> xpath: //body/div[@id='root']/div[1]/div[2]/div[1]/div[2]/div[1]/div[1]/div[2]/section[1]/div[3]]
Trying to find Element By : By.xpath: //button[@id='add_to_cart_btn']
Found Element By : By.xpath: //button[@id='add_to_cart_btn']
Trying to click on: [[ChromeDriver: chrome on WINDOWS (585a9ff4736501de0c405236eac952d1)] -> xpath: //button[@id='add_to_cart_btn']]
Clicked on: [[ChromeDriver: chrome on WINDOWS (585a9ff4736501de0c405236eac952d1)] -> xpath: //button[@id='add_to_cart_btn']]
Trying to find Element By : By.xpath: //span[@id='snackbar-message-id']
Found Element By : By.xpath: //span[@id='snackbar-message-id']

]]></system-out>
    <system-err><![CDATA[Starting ChromeDriver 88.0.4324.96 (68dba2d8a0b149a1d3afac56fa74648032bcf46b-refs/branch-heads/4324@{#1784}) on port 39069
Only local connections are allowed.
Please see https://chromedriver.chromium.org/security-considerations for suggestions on keeping ChromeDriver safe.
ChromeDriver was started successfully.
Feb 11, 2021 6:36:06 PM org.openqa.selenium.remote.ProtocolHandshake createSession
INFO: Detected dialect: W3C
]]></system-err>
  </testcase>
  <testcase name="ValidateRegPageURLTest" classname="com.asynctric.qa.Testcase.RegistrationPageTest" time="0.307">
    <system-out><![CDATA[Driver ChromeDriver: chrome on WINDOWS (8afff41b4fff76819da0595e7dbb66b7)
Driver org.openqa.selenium.support.events.EventFiringWebDriver@2679311f
Before navigating to: 'https://ecomm-fed59.web.app/login'
Navigated to:'https://ecomm-fed59.web.app/login'
Trying to find Element By : By.linkText: Create Account
Found Element By : By.linkText: Create Account
Trying to click on: [[ChromeDriver: chrome on WINDOWS (8afff41b4fff76819da0595e7dbb66b7)] -> link text: Create Account]
Clicked on: [[ChromeDriver: chrome on WINDOWS (8afff41b4fff76819da0595e7dbb66b7)] -> link text: Create Account]
Current URL is :https://ecomm-fed59.web.app/register
]]></system-out>
    <system-err><![CDATA[Starting ChromeDriver 88.0.4324.96 (68dba2d8a0b149a1d3afac56fa74648032bcf46b-refs/branch-heads/4324@{#1784}) on port 16940
Only local connections are allowed.
Please see https://chromedriver.chromium.org/security-considerations for suggestions on keeping ChromeDriver safe.
ChromeDriver was started successfully.
Feb 11, 2021 6:36:27 PM org.openqa.selenium.remote.ProtocolHandshake createSession
INFO: Detected dialect: W3C
]]></system-err>
  </testcase>
  <testcase name="ValidateRegPageTextTest" classname="com.asynctric.qa.Testcase.RegistrationPageTest" time="0.287">
    <system-out><![CDATA[Driver ChromeDriver: chrome on WINDOWS (24fa7b45015f6c81bfc84c6389abf035)
Driver org.openqa.selenium.support.events.EventFiringWebDriver@7ce7e83c
Before navigating to: 'https://ecomm-fed59.web.app/login'
Navigated to:'https://ecomm-fed59.web.app/login'
Trying to find Element By : By.linkText: Create Account
Found Element By : By.linkText: Create Account
Trying to click on: [[ChromeDriver: chrome on WINDOWS (24fa7b45015f6c81bfc84c6389abf035)] -> link text: Create Account]
Clicked on: [[ChromeDriver: chrome on WINDOWS (24fa7b45015f6c81bfc84c6389abf035)] -> link text: Create Account]
Trying to find Element By : By.xpath: //h1[contains(text(),'Signup with Asyncentric')]
Found Element By : By.xpath: //h1[contains(text(),'Signup with Asyncentric')]
Current Page text : Signup with Asyncentric
]]></system-out>
    <system-err><![CDATA[Starting ChromeDriver 88.0.4324.96 (68dba2d8a0b149a1d3afac56fa74648032bcf46b-refs/branch-heads/4324@{#1784}) on port 34182
Only local connections are allowed.
Please see https://chromedriver.chromium.org/security-considerations for suggestions on keeping ChromeDriver safe.
ChromeDriver was started successfully.
Feb 11, 2021 6:36:33 PM org.openqa.selenium.remote.ProtocolHandshake createSession
INFO: Detected dialect: W3C
]]></system-err>
  </testcase>
  <testcase name="RegFormExcelTest" classname="com.asynctric.qa.Testcase.RegistrationPageTest" time="38.628">
    <system-out><![CDATA[Driver ChromeDriver: chrome on WINDOWS (ef4caec5890c9fdd62b918c26941da40)
Driver org.openqa.selenium.support.events.EventFiringWebDriver@6be7bf6d
Before navigating to: 'https://ecomm-fed59.web.app/login'
Navigated to:'https://ecomm-fed59.web.app/login'
Row Count for registration sheet is :6
Trying to find Element By : By.linkText: Create Account
Found Element By : By.linkText: Create Account
Trying to click on: [[ChromeDriver: chrome on WINDOWS (ef4caec5890c9fdd62b918c26941da40)] -> link text: Create Account]
Clicked on: [[ChromeDriver: chrome on WINDOWS (ef4caec5890c9fdd62b918c26941da40)] -> link text: Create Account]
Trying to find Element By : By.id: name
Found Element By : By.id: name
Trying to find Element By : By.id: name
Found Element By : By.id: name
Trying to find Element By : By.id: email
Found Element By : By.id: email
Trying to find Element By : By.id: email
Found Element By : By.id: email
Trying to find Element By : By.id: mobile
Found Element By : By.id: mobile
Trying to find Element By : By.id: mobile
Found Element By : By.id: mobile
Trying to find Element By : By.id: password
Found Element By : By.id: password
Trying to find Element By : By.id: password
Found Element By : By.id: password
Trying to find Element By : By.xpath: //span[@class='MuiButton-label']
Found Element By : By.xpath: //span[@class='MuiButton-label']
Trying to click on: [[ChromeDriver: chrome on WINDOWS (ef4caec5890c9fdd62b918c26941da40)] -> xpath: //span[@class='MuiButton-label']]
Clicked on: [[ChromeDriver: chrome on WINDOWS (ef4caec5890c9fdd62b918c26941da40)] -> xpath: //span[@class='MuiButton-label']]
Trying to find Element By : By.xpath: //span[@id='snackbar-message-id']
Found Element By : By.xpath: //span[@id='snackbar-message-id']
Please enter your Name
Trying to find Element By : By.xpath: //span[@id='snackbar-message-id']
Found Element By : By.xpath: //span[@id='snackbar-message-id']
Trying to find Element By : By.id: name
Found Element By : By.id: name
Trying to find Element By : By.id: name
Found Element By : By.id: name
Trying to find Element By : By.id: email
Found Element By : By.id: email
Trying to find Element By : By.id: email
Found Element By : By.id: email
Trying to find Element By : By.id: mobile
Found Element By : By.id: mobile
Trying to find Element By : By.id: mobile
Found Element By : By.id: mobile
Trying to find Element By : By.id: password
Found Element By : By.id: password
Trying to find Element By : By.id: password
Found Element By : By.id: password
Trying to find Element By : By.xpath: //span[@class='MuiButton-label']
Found Element By : By.xpath: //span[@class='MuiButton-label']
Trying to click on: [[ChromeDriver: chrome on WINDOWS (ef4caec5890c9fdd62b918c26941da40)] -> xpath: //span[@class='MuiButton-label']]
Clicked on: [[ChromeDriver: chrome on WINDOWS (ef4caec5890c9fdd62b918c26941da40)] -> xpath: //span[@class='MuiButton-label']]
Trying to find Element By : By.xpath: //span[@id='snackbar-message-id']
Found Element By : By.xpath: //span[@id='snackbar-message-id']

Trying to find Element By : By.xpath: //span[@id='snackbar-message-id']
Found Element By : By.xpath: //span[@id='snackbar-message-id']
Trying to find Element By : By.id: name
Found Element By : By.id: name
Trying to find Element By : By.id: name
Found Element By : By.id: name
Trying to find Element By : By.id: email
Found Element By : By.id: email
Trying to find Element By : By.id: email
Found Element By : By.id: email
Trying to find Element By : By.id: mobile
Found Element By : By.id: mobile
Trying to find Element By : By.id: mobile
Found Element By : By.id: mobile
Trying to find Element By : By.id: password
Found Element By : By.id: password
Trying to find Element By : By.id: password
Found Element By : By.id: password
Trying to find Element By : By.xpath: //span[@class='MuiButton-label']
Found Element By : By.xpath: //span[@class='MuiButton-label']
Trying to click on: [[ChromeDriver: chrome on WINDOWS (ef4caec5890c9fdd62b918c26941da40)] -> xpath: //span[@class='MuiButton-label']]
Clicked on: [[ChromeDriver: chrome on WINDOWS (ef4caec5890c9fdd62b918c26941da40)] -> xpath: //span[@class='MuiButton-label']]
Trying to find Element By : By.xpath: //span[@id='snackbar-message-id']
Found Element By : By.xpath: //span[@id='snackbar-message-id']
Please enter valid Mobile number
Trying to find Element By : By.xpath: //span[@id='snackbar-message-id']
Found Element By : By.xpath: //span[@id='snackbar-message-id']
Trying to find Element By : By.id: name
Found Element By : By.id: name
Trying to find Element By : By.id: name
Found Element By : By.id: name
Trying to find Element By : By.id: email
Found Element By : By.id: email
Trying to find Element By : By.id: email
Found Element By : By.id: email
Trying to find Element By : By.id: mobile
Found Element By : By.id: mobile
Trying to find Element By : By.id: mobile
Found Element By : By.id: mobile
Trying to find Element By : By.id: password
Found Element By : By.id: password
Trying to find Element By : By.id: password
Found Element By : By.id: password
Trying to find Element By : By.xpath: //span[@class='MuiButton-label']
Found Element By : By.xpath: //span[@class='MuiButton-label']
Trying to click on: [[ChromeDriver: chrome on WINDOWS (ef4caec5890c9fdd62b918c26941da40)] -> xpath: //span[@class='MuiButton-label']]
Clicked on: [[ChromeDriver: chrome on WINDOWS (ef4caec5890c9fdd62b918c26941da40)] -> xpath: //span[@class='MuiButton-label']]
Trying to find Element By : By.xpath: //span[@id='snackbar-message-id']
Found Element By : By.xpath: //span[@id='snackbar-message-id']
Please enter Password
Trying to find Element By : By.xpath: //span[@id='snackbar-message-id']
Found Element By : By.xpath: //span[@id='snackbar-message-id']
Trying to find Element By : By.id: name
Found Element By : By.id: name
Trying to find Element By : By.id: name
Found Element By : By.id: name
Trying to find Element By : By.id: email
Found Element By : By.id: email
Trying to find Element By : By.id: email
Found Element By : By.id: email
Trying to find Element By : By.id: mobile
Found Element By : By.id: mobile
Trying to find Element By : By.id: mobile
Found Element By : By.id: mobile
Trying to find Element By : By.id: password
Found Element By : By.id: password
Trying to find Element By : By.id: password
Found Element By : By.id: password
Trying to find Element By : By.xpath: //span[@class='MuiButton-label']
Found Element By : By.xpath: //span[@class='MuiButton-label']
Trying to click on: [[ChromeDriver: chrome on WINDOWS (ef4caec5890c9fdd62b918c26941da40)] -> xpath: //span[@class='MuiButton-label']]
Clicked on: [[ChromeDriver: chrome on WINDOWS (ef4caec5890c9fdd62b918c26941da40)] -> xpath: //span[@class='MuiButton-label']]
Trying to find Element By : By.xpath: //span[@id='snackbar-message-id']
Found Element By : By.xpath: //span[@id='snackbar-message-id']
Email already exists!
Trying to find Element By : By.xpath: //span[@id='snackbar-message-id']
Found Element By : By.xpath: //span[@id='snackbar-message-id']
Trying to find Element By : By.linkText: Login!
Found Element By : By.linkText: Login!
Trying to click on: [[ChromeDriver: chrome on WINDOWS (ef4caec5890c9fdd62b918c26941da40)] -> link text: Login!]
Clicked on: [[ChromeDriver: chrome on WINDOWS (ef4caec5890c9fdd62b918c26941da40)] -> link text: Login!]
After Registration URL is :https://ecomm-fed59.web.app/login
]]></system-out>
    <system-err><![CDATA[Starting ChromeDriver 88.0.4324.96 (68dba2d8a0b149a1d3afac56fa74648032bcf46b-refs/branch-heads/4324@{#1784}) on port 47636
Only local connections are allowed.
Please see https://chromedriver.chromium.org/security-considerations for suggestions on keeping ChromeDriver safe.
ChromeDriver was started successfully.
Feb 11, 2021 6:36:39 PM org.openqa.selenium.remote.ProtocolHandshake createSession
INFO: Detected dialect: W3C
]]></system-err>
  </testcase>
</testsuite>