<?xml version="1.0" encoding="UTF-8"?>
<!-- Generated by org.testng.reporters.JUnitXMLReporter -->
<testsuite hostname="DESKTOP-361V7H7" ignored="0" name="RetryMulitpleFailedTestCases" tests="6" failures="1" timestamp="01 Mar 2021 12:37:21 GMT" time="100.172" errors="0">
  <testcase name="scrolldownTest" time="8.413" classname="com.asynctric.qa.Testcase.HomePageTest">
    <skipped/>
  </testcase> <!-- scrolldownTest -->
  <testcase name="scrolldownTest" time="9.105" classname="com.asynctric.qa.Testcase.HomePageTest">
    <skipped/>
  </testcase> <!-- scrolldownTest -->
  <testcase name="scrolldownTest" time="14.445" classname="com.asynctric.qa.Testcase.HomePageTest">
    <skipped/>
  </testcase> <!-- scrolldownTest -->
  <testcase name="scrolldownTest" time="8.564" classname="com.asynctric.qa.Testcase.HomePageTest">
    <failure type="java.io.IOException" message="The filename, directory name, or volume label syntax is incorrect">
      <![CDATA[java.io.IOException: The filename, directory name, or volume label syntax is incorrect
	at java.io.WinNTFileSystem.canonicalize0(Native Method)
	at java.io.WinNTFileSystem.canonicalize(WinNTFileSystem.java:428)
	at java.io.File.getCanonicalPath(File.java:618)
	at org.apache.commons.io.FileUtils.copyFile(FileUtils.java:1076)
	at org.apache.commons.io.FileUtils.copyFile(FileUtils.java:1040)
	at com.asynctric.qa.util.CommonMethod.Screenshot(CommonMethod.java:37)
	at com.asynctric.qa.pages.HomePage.scrolldown(HomePage.java:62)
	at com.asynctric.qa.Testcase.HomePageTest.scrolldownTest(HomePageTest.java:57)
... Removed 25 stack frames]]>
    </failure>
  </testcase> <!-- scrolldownTest -->
  <testcase name="ValidatehomepageimageTest" time="0.19" classname="com.asynctric.qa.Testcase.HomePageTest"/>
  <testcase name="MoveToAddressPageTest" time="2.89" classname="com.asynctric.qa.Testcase.HomePageTest"/>
</testsuite> <!-- RetryMulitpleFailedTestCases -->
