<?xml version="1.0" encoding="UTF-8"?>
<testng-results skipped="0" failed="0" ignored="0" total="3" passed="3">
  <reporter-output>
  </reporter-output>
  <suite name="Default suite" duration-ms="36136" started-at="2021-02-06T07:44:52Z" finished-at="2021-02-06T07:45:29Z">
    <groups>
      <group name="smoke">
        <method signature="HomePageTest.scrolldownTest()[pri:0, instance:com.asynctric.qa.Testcase.HomePageTest@3bfdc050]" name="scrolldownTest" class="com.asynctric.qa.Testcase.HomePageTest"/>
      </group> <!-- smoke -->
    </groups>
    <test name="Default test" duration-ms="36136" started-at="2021-02-06T07:44:52Z" finished-at="2021-02-06T07:45:29Z">
      <class name="com.asynctric.qa.Testcase.HomePageTest">
        <test-method status="PASS" signature="setuphomepage()[pri:0, instance:com.asynctric.qa.Testcase.HomePageTest@3bfdc050]" name="setuphomepage" is-config="true" duration-ms="7354" started-at="2021-02-06T13:14:52Z" finished-at="2021-02-06T13:15:00Z">
          <reporter-output>
          </reporter-output>
        </test-method> <!-- setuphomepage -->
        <test-method status="PASS" signature="scrolldownTest()[pri:0, instance:com.asynctric.qa.Testcase.HomePageTest@3bfdc050]" name="scrolldownTest" duration-ms="7774" started-at="2021-02-06T13:15:00Z" finished-at="2021-02-06T13:15:08Z">
          <reporter-output>
          </reporter-output>
        </test-method> <!-- scrolldownTest -->
        <test-method status="PASS" signature="TearDown()[pri:0, instance:com.asynctric.qa.Testcase.HomePageTest@3bfdc050]" name="TearDown" is-config="true" duration-ms="1271" started-at="2021-02-06T13:15:08Z" finished-at="2021-02-06T13:15:09Z">
          <reporter-output>
          </reporter-output>
        </test-method> <!-- TearDown -->
        <test-method status="PASS" signature="setuphomepage()[pri:0, instance:com.asynctric.qa.Testcase.HomePageTest@3bfdc050]" name="setuphomepage" is-config="true" duration-ms="7529" started-at="2021-02-06T13:15:09Z" finished-at="2021-02-06T13:15:16Z">
          <reporter-output>
          </reporter-output>
        </test-method> <!-- setuphomepage -->
        <test-method status="PASS" signature="ValidatehomepageimageTest()[pri:1, instance:com.asynctric.qa.Testcase.HomePageTest@3bfdc050]" name="ValidatehomepageimageTest" duration-ms="144" started-at="2021-02-06T13:15:16Z" finished-at="2021-02-06T13:15:17Z">
          <reporter-output>
          </reporter-output>
        </test-method> <!-- ValidatehomepageimageTest -->
        <test-method status="PASS" signature="TearDown()[pri:0, instance:com.asynctric.qa.Testcase.HomePageTest@3bfdc050]" name="TearDown" is-config="true" duration-ms="772" started-at="2021-02-06T13:15:17Z" finished-at="2021-02-06T13:15:17Z">
          <reporter-output>
          </reporter-output>
        </test-method> <!-- TearDown -->
        <test-method status="PASS" signature="setuphomepage()[pri:0, instance:com.asynctric.qa.Testcase.HomePageTest@3bfdc050]" name="setuphomepage" is-config="true" duration-ms="6882" started-at="2021-02-06T13:15:17Z" finished-at="2021-02-06T13:15:24Z">
          <reporter-output>
          </reporter-output>
        </test-method> <!-- setuphomepage -->
        <test-method status="PASS" signature="MoveToAddressPageTest()[pri:2, instance:com.asynctric.qa.Testcase.HomePageTest@3bfdc050]" name="MoveToAddressPageTest" duration-ms="2748" started-at="2021-02-06T13:15:24Z" finished-at="2021-02-06T13:15:27Z">
          <reporter-output>
          </reporter-output>
        </test-method> <!-- MoveToAddressPageTest -->
        <test-method status="PASS" signature="TearDown()[pri:0, instance:com.asynctric.qa.Testcase.HomePageTest@3bfdc050]" name="TearDown" is-config="true" duration-ms="1635" started-at="2021-02-06T13:15:27Z" finished-at="2021-02-06T13:15:29Z">
          <reporter-output>
          </reporter-output>
        </test-method> <!-- TearDown -->
      </class> <!-- com.asynctric.qa.Testcase.HomePageTest -->
    </test> <!-- Default test -->
  </suite> <!-- Default suite -->
</testng-results>
