<?xml version="1.0" encoding="UTF-8"?>
<testng-results skipped="0" failed="0" ignored="0" total="3" passed="3">
  <reporter-output>
  </reporter-output>
  <suite name="Ecart" duration-ms="28790" started-at="2021-02-25T12:17:17Z" finished-at="2021-02-25T12:17:46Z">
    <groups>
      <group name="smoke">
        <method signature="LoginPageTest.LoginTest()[pri:0, instance:com.asynctric.qa.Testcase.LoginPageTest@7219ec67]" name="LoginTest" class="com.asynctric.qa.Testcase.LoginPageTest"/>
      </group> <!-- smoke -->
    </groups>
    <test name="Regration" duration-ms="28790" started-at="2021-02-25T12:17:17Z" finished-at="2021-02-25T12:17:46Z">
      <class name="com.asynctric.qa.Testcase.LoginPageTest">
        <test-method status="PASS" signature="setup()[pri:0, instance:com.asynctric.qa.Testcase.LoginPageTest@7219ec67]" name="setup" is-config="true" duration-ms="9173" started-at="2021-02-25T17:47:17Z" finished-at="2021-02-25T17:47:26Z">
          <reporter-output>
          </reporter-output>
        </test-method> <!-- setup -->
        <test-method status="PASS" signature="LoginTest()[pri:0, instance:com.asynctric.qa.Testcase.LoginPageTest@7219ec67]" name="LoginTest" duration-ms="755" started-at="2021-02-25T17:47:26Z" finished-at="2021-02-25T17:47:27Z">
          <reporter-output>
          </reporter-output>
        </test-method> <!-- LoginTest -->
        <test-method status="PASS" signature="TearDowm()[pri:0, instance:com.asynctric.qa.Testcase.LoginPageTest@7219ec67]" name="TearDowm" is-config="true" duration-ms="810" started-at="2021-02-25T17:47:27Z" finished-at="2021-02-25T17:47:28Z">
          <reporter-output>
          </reporter-output>
        </test-method> <!-- TearDowm -->
        <test-method status="PASS" signature="setup()[pri:0, instance:com.asynctric.qa.Testcase.LoginPageTest@7219ec67]" name="setup" is-config="true" duration-ms="7942" started-at="2021-02-25T17:47:28Z" finished-at="2021-02-25T17:47:36Z">
          <reporter-output>
          </reporter-output>
        </test-method> <!-- setup -->
        <test-method status="PASS" signature="LoginPageTitleTest()[pri:1, instance:com.asynctric.qa.Testcase.LoginPageTest@7219ec67]" name="LoginPageTitleTest" duration-ms="22" started-at="2021-02-25T17:47:36Z" finished-at="2021-02-25T17:47:36Z">
          <reporter-output>
          </reporter-output>
        </test-method> <!-- LoginPageTitleTest -->
        <test-method status="PASS" signature="TearDowm()[pri:0, instance:com.asynctric.qa.Testcase.LoginPageTest@7219ec67]" name="TearDowm" is-config="true" duration-ms="1328" started-at="2021-02-25T17:47:36Z" finished-at="2021-02-25T17:47:37Z">
          <reporter-output>
          </reporter-output>
        </test-method> <!-- TearDowm -->
        <test-method status="PASS" signature="setup()[pri:0, instance:com.asynctric.qa.Testcase.LoginPageTest@7219ec67]" name="setup" is-config="true" duration-ms="7715" started-at="2021-02-25T17:47:37Z" finished-at="2021-02-25T17:47:45Z">
          <reporter-output>
          </reporter-output>
        </test-method> <!-- setup -->
        <test-method status="PASS" signature="VlidateImageTest()[pri:2, instance:com.asynctric.qa.Testcase.LoginPageTest@7219ec67]" name="VlidateImageTest" duration-ms="250" started-at="2021-02-25T17:47:45Z" finished-at="2021-02-25T17:47:45Z">
          <reporter-output>
          </reporter-output>
        </test-method> <!-- VlidateImageTest -->
        <test-method status="PASS" signature="TearDowm()[pri:0, instance:com.asynctric.qa.Testcase.LoginPageTest@7219ec67]" name="TearDowm" is-config="true" duration-ms="748" started-at="2021-02-25T17:47:45Z" finished-at="2021-02-25T17:47:46Z">
          <reporter-output>
          </reporter-output>
        </test-method> <!-- TearDowm -->
      </class> <!-- com.asynctric.qa.Testcase.LoginPageTest -->
    </test> <!-- Regration -->
  </suite> <!-- Ecart -->
</testng-results>
