<?xml version="1.0" encoding="UTF-8"?>
<testng-results skipped="0" failed="1" ignored="0" total="3" passed="2">
  <reporter-output>
  </reporter-output>
  <suite name="Ecart" duration-ms="39619" started-at="2021-02-12T07:02:38Z" finished-at="2021-02-12T07:03:17Z">
    <groups>
      <group name="smoke">
        <method signature="HomePageTest.scrolldownTest()[pri:0, instance:com.asynctric.qa.Testcase.HomePageTest@7a52f2a2]" name="scrolldownTest" class="com.asynctric.qa.Testcase.HomePageTest"/>
      </group> <!-- smoke -->
    </groups>
    <test name="Regration" duration-ms="39619" started-at="2021-02-12T07:02:38Z" finished-at="2021-02-12T07:03:17Z">
      <class name="com.asynctric.qa.Testcase.HomePageTest">
        <test-method status="PASS" signature="setuphomepage()[pri:0, instance:com.asynctric.qa.Testcase.HomePageTest@7a52f2a2]" name="setuphomepage" is-config="true" duration-ms="10678" started-at="2021-02-12T12:32:38Z" finished-at="2021-02-12T12:32:48Z">
          <reporter-output>
          </reporter-output>
        </test-method> <!-- setuphomepage -->
        <test-method status="FAIL" signature="scrolldownTest()[pri:0, instance:com.asynctric.qa.Testcase.HomePageTest@7a52f2a2]" name="scrolldownTest" duration-ms="8956" started-at="2021-02-12T12:32:48Z" finished-at="2021-02-12T12:32:57Z">
          <exception class="java.io.IOException">
            <message>
              <![CDATA[The filename, directory name, or volume label syntax is incorrect]]>
            </message>
            <full-stacktrace>
              <![CDATA[java.io.IOException: The filename, directory name, or volume label syntax is incorrect
	at java.io.WinNTFileSystem.canonicalize0(Native Method)
	at java.io.WinNTFileSystem.canonicalize(WinNTFileSystem.java:428)
	at java.io.File.getCanonicalPath(File.java:618)
	at org.apache.commons.io.FileUtils.copyFile(FileUtils.java:1076)
	at org.apache.commons.io.FileUtils.copyFile(FileUtils.java:1040)
	at com.asynctric.qa.util.CommonMethod.Screenshot(CommonMethod.java:37)
	at com.asynctric.qa.pages.HomePage.scrolldown(HomePage.java:62)
	at com.asynctric.qa.Testcase.HomePageTest.scrolldownTest(HomePageTest.java:57)
	at sun.reflect.NativeMethodAccessorImpl.invoke0(Native Method)
	at sun.reflect.NativeMethodAccessorImpl.invoke(NativeMethodAccessorImpl.java:62)
	at sun.reflect.DelegatingMethodAccessorImpl.invoke(DelegatingMethodAccessorImpl.java:43)
	at java.lang.reflect.Method.invoke(Method.java:498)
	at org.testng.internal.MethodInvocationHelper.invokeMethod(MethodInvocationHelper.java:108)
	at org.testng.internal.Invoker.invokeMethod(Invoker.java:661)
	at org.testng.internal.Invoker.invokeTestMethod(Invoker.java:869)
	at org.testng.internal.Invoker.invokeTestMethods(Invoker.java:1193)
	at org.testng.internal.TestMethodWorker.invokeTestMethods(TestMethodWorker.java:126)
	at org.testng.internal.TestMethodWorker.run(TestMethodWorker.java:109)
	at org.testng.TestRunner.privateRun(TestRunner.java:744)
	at org.testng.TestRunner.run(TestRunner.java:602)
	at org.testng.SuiteRunner.runTest(SuiteRunner.java:380)
	at org.testng.SuiteRunner.runSequentially(SuiteRunner.java:375)
	at org.testng.SuiteRunner.privateRun(SuiteRunner.java:340)
	at org.testng.SuiteRunner.run(SuiteRunner.java:289)
	at org.testng.SuiteRunnerWorker.runSuite(SuiteRunnerWorker.java:52)
	at org.testng.SuiteRunnerWorker.run(SuiteRunnerWorker.java:86)
	at org.testng.TestNG.runSuitesSequentially(TestNG.java:1301)
	at org.testng.TestNG.runSuitesLocally(TestNG.java:1226)
	at org.testng.TestNG.runSuites(TestNG.java:1144)
	at org.testng.TestNG.run(TestNG.java:1115)
	at org.testng.remote.AbstractRemoteTestNG.run(AbstractRemoteTestNG.java:132)
	at org.testng.remote.RemoteTestNG.initAndRun(RemoteTestNG.java:230)
	at org.testng.remote.RemoteTestNG.main(RemoteTestNG.java:76)
]]>
            </full-stacktrace>
          </exception> <!-- java.io.IOException -->
          <reporter-output>
          </reporter-output>
        </test-method> <!-- scrolldownTest -->
        <test-method status="PASS" signature="TearDown()[pri:0, instance:com.asynctric.qa.Testcase.HomePageTest@7a52f2a2]" name="TearDown" is-config="true" duration-ms="808" started-at="2021-02-12T12:32:59Z" finished-at="2021-02-12T12:32:59Z">
          <reporter-output>
          </reporter-output>
        </test-method> <!-- TearDown -->
        <test-method status="PASS" signature="setuphomepage()[pri:0, instance:com.asynctric.qa.Testcase.HomePageTest@7a52f2a2]" name="setuphomepage" is-config="true" duration-ms="6451" started-at="2021-02-12T12:32:59Z" finished-at="2021-02-12T12:33:06Z">
          <reporter-output>
          </reporter-output>
        </test-method> <!-- setuphomepage -->
        <test-method status="PASS" signature="ValidatehomepageimageTest()[pri:1, instance:com.asynctric.qa.Testcase.HomePageTest@7a52f2a2]" name="ValidatehomepageimageTest" duration-ms="196" started-at="2021-02-12T12:33:06Z" finished-at="2021-02-12T12:33:06Z">
          <reporter-output>
          </reporter-output>
        </test-method> <!-- ValidatehomepageimageTest -->
        <test-method status="PASS" signature="TearDown()[pri:0, instance:com.asynctric.qa.Testcase.HomePageTest@7a52f2a2]" name="TearDown" is-config="true" duration-ms="742" started-at="2021-02-12T12:33:06Z" finished-at="2021-02-12T12:33:07Z">
          <reporter-output>
          </reporter-output>
        </test-method> <!-- TearDown -->
        <test-method status="PASS" signature="setuphomepage()[pri:0, instance:com.asynctric.qa.Testcase.HomePageTest@7a52f2a2]" name="setuphomepage" is-config="true" duration-ms="6189" started-at="2021-02-12T12:33:07Z" finished-at="2021-02-12T12:33:13Z">
          <reporter-output>
          </reporter-output>
        </test-method> <!-- setuphomepage -->
        <test-method status="PASS" signature="MoveToAddressPageTest()[pri:2, instance:com.asynctric.qa.Testcase.HomePageTest@7a52f2a2]" name="MoveToAddressPageTest" duration-ms="2540" started-at="2021-02-12T12:33:13Z" finished-at="2021-02-12T12:33:15Z">
          <reporter-output>
          </reporter-output>
        </test-method> <!-- MoveToAddressPageTest -->
        <test-method status="PASS" signature="TearDown()[pri:0, instance:com.asynctric.qa.Testcase.HomePageTest@7a52f2a2]" name="TearDown" is-config="true" duration-ms="1819" started-at="2021-02-12T12:33:15Z" finished-at="2021-02-12T12:33:17Z">
          <reporter-output>
          </reporter-output>
        </test-method> <!-- TearDown -->
      </class> <!-- com.asynctric.qa.Testcase.HomePageTest -->
    </test> <!-- Regration -->
  </suite> <!-- Ecart -->
</testng-results>
