<?xml version="1.0" encoding="UTF-8"?>
<testng-results skipped="0" failed="0" ignored="0" total="3" passed="3">
  <reporter-output>
  </reporter-output>
  <suite name="Default suite" duration-ms="44977" started-at="2021-02-03T10:40:47Z" finished-at="2021-02-03T10:41:32Z">
    <groups>
    </groups>
    <test name="Default test" duration-ms="44977" started-at="2021-02-03T10:40:47Z" finished-at="2021-02-03T10:41:32Z">
      <class name="com.asynctric.qa.Testcase.HomePageTest">
        <test-method status="PASS" signature="setuphomepage()[pri:0, instance:com.asynctric.qa.Testcase.HomePageTest@3bfdc050]" name="setuphomepage" is-config="true" duration-ms="12537" started-at="2021-02-03T16:10:48Z" finished-at="2021-02-03T16:11:00Z">
          <reporter-output>
          </reporter-output>
        </test-method> <!-- setuphomepage -->
        <test-method status="PASS" signature="ValidatehomepageimageTest()[pri:1, instance:com.asynctric.qa.Testcase.HomePageTest@3bfdc050]" name="ValidatehomepageimageTest" duration-ms="238" started-at="2021-02-03T16:11:00Z" finished-at="2021-02-03T16:11:00Z">
          <reporter-output>
          </reporter-output>
        </test-method> <!-- ValidatehomepageimageTest -->
        <test-method status="PASS" signature="TearDown()[pri:0, instance:com.asynctric.qa.Testcase.HomePageTest@3bfdc050]" name="TearDown" is-config="true" duration-ms="899" started-at="2021-02-03T16:11:00Z" finished-at="2021-02-03T16:11:01Z">
          <reporter-output>
          </reporter-output>
        </test-method> <!-- TearDown -->
        <test-method status="PASS" signature="setuphomepage()[pri:0, instance:com.asynctric.qa.Testcase.HomePageTest@3bfdc050]" name="setuphomepage" is-config="true" duration-ms="10309" started-at="2021-02-03T16:11:01Z" finished-at="2021-02-03T16:11:12Z">
          <reporter-output>
          </reporter-output>
        </test-method> <!-- setuphomepage -->
        <test-method status="PASS" signature="MoveToAddressPageTest()[pri:2, instance:com.asynctric.qa.Testcase.HomePageTest@3bfdc050]" name="MoveToAddressPageTest" duration-ms="3193" started-at="2021-02-03T16:11:12Z" finished-at="2021-02-03T16:11:15Z">
          <reporter-output>
          </reporter-output>
        </test-method> <!-- MoveToAddressPageTest -->
        <test-method status="PASS" signature="TearDown()[pri:0, instance:com.asynctric.qa.Testcase.HomePageTest@3bfdc050]" name="TearDown" is-config="true" duration-ms="1457" started-at="2021-02-03T16:11:15Z" finished-at="2021-02-03T16:11:16Z">
          <reporter-output>
          </reporter-output>
        </test-method> <!-- TearDown -->
        <test-method status="PASS" signature="setuphomepage()[pri:0, instance:com.asynctric.qa.Testcase.HomePageTest@3bfdc050]" name="setuphomepage" is-config="true" duration-ms="12191" started-at="2021-02-03T16:11:16Z" finished-at="2021-02-03T16:11:28Z">
          <reporter-output>
          </reporter-output>
        </test-method> <!-- setuphomepage -->
        <test-method status="PASS" signature="scrolldownTest()[pri:3, instance:com.asynctric.qa.Testcase.HomePageTest@3bfdc050]" name="scrolldownTest" duration-ms="3273" started-at="2021-02-03T16:11:28Z" finished-at="2021-02-03T16:11:32Z">
          <reporter-output>
          </reporter-output>
        </test-method> <!-- scrolldownTest -->
        <test-method status="PASS" signature="TearDown()[pri:0, instance:com.asynctric.qa.Testcase.HomePageTest@3bfdc050]" name="TearDown" is-config="true" duration-ms="839" started-at="2021-02-03T16:11:32Z" finished-at="2021-02-03T16:11:32Z">
          <reporter-output>
          </reporter-output>
        </test-method> <!-- TearDown -->
      </class> <!-- com.asynctric.qa.Testcase.HomePageTest -->
    </test> <!-- Default test -->
  </suite> <!-- Default suite -->
</testng-results>
