<?xml version="1.0" encoding="UTF-8"?>
<testng-results skipped="0" failed="0" ignored="0" total="2" passed="2">
  <reporter-output>
  </reporter-output>
  <suite name="Default suite" duration-ms="104926" started-at="2021-02-04T08:59:08Z" finished-at="2021-02-04T09:00:53Z">
    <groups>
    </groups>
    <test name="Default test" duration-ms="104926" started-at="2021-02-04T08:59:08Z" finished-at="2021-02-04T09:00:53Z">
      <class name="com.asynctric.qa.Testcase.CategoriesMenTest">
        <test-method status="PASS" signature="setpage()[pri:0, instance:com.asynctric.qa.Testcase.CategoriesMenTest@3bfdc050]" name="setpage" is-config="true" duration-ms="52853" started-at="2021-02-04T14:29:08Z" finished-at="2021-02-04T14:30:01Z">
          <reporter-output>
          </reporter-output>
        </test-method> <!-- setpage -->
        <test-method status="PASS" signature="AddProductFirstTest()[pri:1, instance:com.asynctric.qa.Testcase.CategoriesMenTest@3bfdc050]" name="AddProductFirstTest" duration-ms="13300" started-at="2021-02-04T14:30:01Z" finished-at="2021-02-04T14:30:14Z">
          <reporter-output>
          </reporter-output>
        </test-method> <!-- AddProductFirstTest -->
        <test-method status="PASS" signature="TearDown()[pri:0, instance:com.asynctric.qa.Testcase.CategoriesMenTest@3bfdc050]" name="TearDown" is-config="true" duration-ms="1066" started-at="2021-02-04T14:30:14Z" finished-at="2021-02-04T14:30:15Z">
          <reporter-output>
          </reporter-output>
        </test-method> <!-- TearDown -->
        <test-method status="PASS" signature="setpage()[pri:0, instance:com.asynctric.qa.Testcase.CategoriesMenTest@3bfdc050]" name="setpage" is-config="true" duration-ms="21405" started-at="2021-02-04T14:30:15Z" finished-at="2021-02-04T14:30:36Z">
          <reporter-output>
          </reporter-output>
        </test-method> <!-- setpage -->
        <test-method status="PASS" signature="AddProductSecondTest()[pri:2, instance:com.asynctric.qa.Testcase.CategoriesMenTest@3bfdc050]" name="AddProductSecondTest" duration-ms="15395" started-at="2021-02-04T14:30:36Z" finished-at="2021-02-04T14:30:52Z">
          <reporter-output>
          </reporter-output>
        </test-method> <!-- AddProductSecondTest -->
        <test-method status="PASS" signature="TearDown()[pri:0, instance:com.asynctric.qa.Testcase.CategoriesMenTest@3bfdc050]" name="TearDown" is-config="true" duration-ms="868" started-at="2021-02-04T14:30:52Z" finished-at="2021-02-04T14:30:53Z">
          <reporter-output>
          </reporter-output>
        </test-method> <!-- TearDown -->
      </class> <!-- com.asynctric.qa.Testcase.CategoriesMenTest -->
    </test> <!-- Default test -->
  </suite> <!-- Default suite -->
</testng-results>
