<?xml version="1.0" encoding="UTF-8"?>
<testng-results skipped="0" failed="0" ignored="0" total="1" passed="1">
  <reporter-output>
  </reporter-output>
  <suite name="Default suite" duration-ms="41422" started-at="2021-01-25T11:25:52Z" finished-at="2021-01-25T11:26:33Z">
    <groups>
    </groups>
    <test name="Default test" duration-ms="41422" started-at="2021-01-25T11:25:52Z" finished-at="2021-01-25T11:26:33Z">
      <class name="com.asynctric.qa.Testcase.AddressPageTest">
        <test-method status="PASS" signature="setpage()[pri:0, instance:com.asynctric.qa.Testcase.AddressPageTest@59fa1d9b]" name="setpage" is-config="true" duration-ms="24075" started-at="2021-01-25T16:55:52Z" finished-at="2021-01-25T16:56:16Z">
          <reporter-output>
          </reporter-output>
        </test-method> <!-- setpage -->
        <test-method status="PASS" signature="NewAddressFormTest()[pri:0, instance:com.asynctric.qa.Testcase.AddressPageTest@59fa1d9b]" name="NewAddressFormTest" duration-ms="16519" started-at="2021-01-25T16:56:16Z" finished-at="2021-01-25T16:56:32Z">
          <reporter-output>
          </reporter-output>
        </test-method> <!-- NewAddressFormTest -->
        <test-method status="PASS" signature="TearDown()[pri:0, instance:com.asynctric.qa.Testcase.AddressPageTest@59fa1d9b]" name="TearDown" is-config="true" duration-ms="788" started-at="2021-01-25T16:56:32Z" finished-at="2021-01-25T16:56:33Z">
          <reporter-output>
          </reporter-output>
        </test-method> <!-- TearDown -->
      </class> <!-- com.asynctric.qa.Testcase.AddressPageTest -->
    </test> <!-- Default test -->
  </suite> <!-- Default suite -->
</testng-results>
