<?xml version="1.0" encoding="UTF-8"?>
<!-- Generated by org.testng.reporters.JUnitXMLReporter -->
<testsuite hostname="DESKTOP-361V7H7" name="registration" tests="5" failures="0" timestamp="11 Feb 2021 09:08:35 GMT" time="108.014" errors="0">
  <testcase name="AddProductFirstTest" time="12.473" classname="com.asynctric.qa.Testcase.CategoriesMenTest"/>
  <testcase name="AddProductSecondTest" time="14.582" classname="com.asynctric.qa.Testcase.CategoriesMenTest"/>
  <testcase name="ValidateRegPageURLTest" time="0.183" classname="com.asynctric.qa.Testcase.RegistrationPageTest"/>
  <testcase name="ValidateRegPageTextTest" time="0.225" classname="com.asynctric.qa.Testcase.RegistrationPageTest"/>
  <testcase name="RegFormExcelTest" time="38.408" classname="com.asynctric.qa.Testcase.RegistrationPageTest"/>
</testsuite> <!-- registration -->
