<?xml version="1.0" encoding="UTF-8"?>
<!-- Generated by org.testng.reporters.JUnitXMLReporter -->
<testsuite hostname="DESKTOP-361V7H7" name="registration" tests="5" failures="0" timestamp="11 Feb 2021 13:07:23 GMT" time="97.914" errors="0">
  <testcase name="AddProductFirstTest" time="13.273" classname="com.asynctric.qa.Testcase.CategoriesMenTest"/>
  <testcase name="AddProductSecondTest" time="14.607" classname="com.asynctric.qa.Testcase.CategoriesMenTest"/>
  <testcase name="ValidateRegPageURLTest" time="0.27" classname="com.asynctric.qa.Testcase.RegistrationPageTest"/>
  <testcase name="ValidateRegPageTextTest" time="0.226" classname="com.asynctric.qa.Testcase.RegistrationPageTest"/>
  <testcase name="RegFormExcelTest" time="38.385" classname="com.asynctric.qa.Testcase.RegistrationPageTest"/>
</testsuite> <!-- registration -->
