<?xml version="1.0" encoding="UTF-8"?>
<!-- Generated by org.testng.reporters.JUnitXMLReporter -->
<testsuite hostname="DESKTOP-361V7H7" name="Regration" tests="6" failures="0" timestamp="11 Feb 2021 13:05:44 GMT" time="60.556" errors="0">
  <testcase name="scrolldownTest" time="11.116" classname="com.asynctric.qa.Testcase.HomePageTest"/>
  <testcase name="ValidatehomepageimageTest" time="0.339" classname="com.asynctric.qa.Testcase.HomePageTest"/>
  <testcase name="MoveToAddressPageTest" time="2.559" classname="com.asynctric.qa.Testcase.HomePageTest"/>
  <testcase name="LoginTest" time="0.75" classname="com.asynctric.qa.Testcase.LoginPageTest"/>
  <testcase name="LoginPageTitleTest" time="0.015" classname="com.asynctric.qa.Testcase.LoginPageTest"/>
  <testcase name="VlidateImageTest" time="0.124" classname="com.asynctric.qa.Testcase.LoginPageTest"/>
</testsuite> <!-- Regration -->
