<?xml version="1.0" encoding="UTF-8"?>
<!-- Generated by org.testng.reporters.JUnitXMLReporter -->
<testsuite hostname="DESKTOP-361V7H7" name="Regration" tests="6" failures="0" timestamp="8 Feb 2021 12:30:09 GMT" time="148.741" errors="0">
  <testcase name="scrolldownTest" time="8.511" classname="com.asynctric.qa.Testcase.HomePageTest"/>
  <testcase name="ValidatehomepageimageTest" time="0.256" classname="com.asynctric.qa.Testcase.HomePageTest"/>
  <testcase name="MoveToAddressPageTest" time="2.671" classname="com.asynctric.qa.Testcase.HomePageTest"/>
  <testcase name="LoginTest" time="0.776" classname="com.asynctric.qa.Testcase.LoginPageTest"/>
  <testcase name="LoginPageTitleTest" time="0.173" classname="com.asynctric.qa.Testcase.LoginPageTest"/>
  <testcase name="VlidateImageTest" time="0.217" classname="com.asynctric.qa.Testcase.LoginPageTest"/>
</testsuite> <!-- Regration -->
